<?xml version="1.0" encoding="UTF-8"?>
<!-- Generated by org.testng.reporters.JUnitXMLReporter -->
<testsuite hostname="VICKY-PC" name="Default test" tests="9" failures="0" timestamp="9 Jul 2018 07:23:56 GMT" time="0.101" errors="0">
  <testcase name="@BeforeClass setUpClass" time="0.0" classname="MyTestCase.NewTest">
    <failure type="org.testng.TestNGException" message="
Method setUpClass requires 1 parameters but 0 were supplied in the @Configuration annotation.">
      <![CDATA[org.testng.TestNGException: 
Method setUpClass requires 1 parameters but 0 were supplied in the @Configuration annotation.
	at org.testng.internal.Parameters.checkParameterTypes(Parameters.java:191)
	at org.testng.internal.Parameters.createParameters(Parameters.java:127)
	at org.testng.internal.Parameters.createParameters(Parameters.java:376)
	at org.testng.internal.Parameters.createConfigurationParameters(Parameters.java:84)
	at org.testng.internal.Invoker.invokeConfigurations(Invoker.java:201)
	at org.testng.internal.Invoker.invokeConfigurations(Invoker.java:142)
	at org.testng.internal.TestMethodWorker.invokeBeforeClassMethods(TestMethodWorker.java:178)
	at org.testng.internal.TestMethodWorker.run(TestMethodWorker.java:108)
	at org.testng.TestRunner.privateRun(TestRunner.java:782)
	at org.testng.TestRunner.run(TestRunner.java:632)
	at org.testng.SuiteRunner.runTest(SuiteRunner.java:366)
	at org.testng.SuiteRunner.runSequentially(SuiteRunner.java:361)
	at org.testng.SuiteRunner.privateRun(SuiteRunner.java:319)
	at org.testng.SuiteRunner.run(SuiteRunner.java:268)
	at org.testng.SuiteRunnerWorker.runSuite(SuiteRunnerWorker.java:52)
	at org.testng.SuiteRunnerWorker.run(SuiteRunnerWorker.java:86)
	at org.testng.TestNG.runSuitesSequentially(TestNG.java:1244)
	at org.testng.TestNG.runSuitesLocally(TestNG.java:1169)
	at org.testng.TestNG.run(TestNG.java:1064)
	at org.testng.remote.AbstractRemoteTestNG.run(AbstractRemoteTestNG.java:114)
	at org.testng.remote.RemoteTestNG.initAndRun(RemoteTestNG.java:251)
	at org.testng.remote.RemoteTestNG.main(RemoteTestNG.java:77)
]]>
    </failure>
  </testcase> <!-- @BeforeClass setUpClass -->
  <testcase name="@BeforeMethod Setup" time="0.0" classname="MyTestCase.NewTest">
    <skipped/>
  </testcase> <!-- @BeforeMethod Setup -->
  <testcase name="@AfterMethod TestSucessfullReport" time="0.0" classname="MyTestCase.NewTest">
    <skipped/>
  </testcase> <!-- @AfterMethod TestSucessfullReport -->
  <testcase name="@BeforeMethod Setup" time="0.0" classname="MyTestCase.NewTest">
    <skipped/>
  </testcase> <!-- @BeforeMethod Setup -->
  <testcase name="@AfterMethod TestSucessfullReport" time="0.0" classname="MyTestCase.NewTest">
    <skipped/>
  </testcase> <!-- @AfterMethod TestSucessfullReport -->
  <testcase name="@BeforeMethod Setup" time="0.0" classname="MyTestCase.NewTest">
    <skipped/>
  </testcase> <!-- @BeforeMethod Setup -->
  <testcase name="@AfterMethod TestSucessfullReport" time="0.0" classname="MyTestCase.NewTest">
    <skipped/>
  </testcase> <!-- @AfterMethod TestSucessfullReport -->
  <testcase name="@BeforeMethod Setup" time="0.0" classname="MyTestCase.NewTest">
    <skipped/>
  </testcase> <!-- @BeforeMethod Setup -->
  <testcase name="@AfterMethod TestSucessfullReport" time="0.0" classname="MyTestCase.NewTest">
    <skipped/>
  </testcase> <!-- @AfterMethod TestSucessfullReport -->
  <testcase name="@BeforeMethod Setup" time="0.0" classname="MyTestCase.NewTest">
    <skipped/>
  </testcase> <!-- @BeforeMethod Setup -->
  <testcase name="@AfterMethod TestSucessfullReport" time="0.0" classname="MyTestCase.NewTest">
    <skipped/>
  </testcase> <!-- @AfterMethod TestSucessfullReport -->
  <testcase name="@BeforeMethod Setup" time="0.0" classname="MyTestCase.NewTest">
    <skipped/>
  </testcase> <!-- @BeforeMethod Setup -->
  <testcase name="@AfterMethod TestSucessfullReport" time="0.0" classname="MyTestCase.NewTest">
    <skipped/>
  </testcase> <!-- @AfterMethod TestSucessfullReport -->
  <testcase name="@BeforeMethod Setup" time="0.0" classname="MyTestCase.NewTest">
    <skipped/>
  </testcase> <!-- @BeforeMethod Setup -->
  <testcase name="@AfterMethod TestSucessfullReport" time="0.0" classname="MyTestCase.NewTest">
    <skipped/>
  </testcase> <!-- @AfterMethod TestSucessfullReport -->
  <testcase name="@BeforeMethod Setup" time="0.0" classname="MyTestCase.NewTest">
    <skipped/>
  </testcase> <!-- @BeforeMethod Setup -->
  <testcase name="@AfterMethod TestSucessfullReport" time="0.0" classname="MyTestCase.NewTest">
    <skipped/>
  </testcase> <!-- @AfterMethod TestSucessfullReport -->
  <testcase name="@BeforeMethod Setup" time="0.0" classname="MyTestCase.NewTest">
    <skipped/>
  </testcase> <!-- @BeforeMethod Setup -->
  <testcase name="@AfterMethod TestSucessfullReport" time="0.0" classname="MyTestCase.NewTest">
    <skipped/>
  </testcase> <!-- @AfterMethod TestSucessfullReport -->
  <testcase name="@AfterClass tearDown" time="0.0" classname="MyTestCase.NewTest">
    <skipped/>
  </testcase> <!-- @AfterClass tearDown -->
  <testcase name="checkLogin" time="0.007" classname="MyTestCase.NewTest">
    <skipped/>
  </testcase> <!-- checkLogin -->
  <testcase name="CheckPopUp" time="0.004" classname="MyTestCase.NewTest">
    <skipped/>
  </testcase> <!-- CheckPopUp -->
  <testcase name="CheckClaim" time="0.001" classname="MyTestCase.NewTest">
    <skipped/>
  </testcase> <!-- CheckClaim -->
  <testcase name="CheckRating" time="0.001" classname="MyTestCase.NewTest">
    <skipped/>
  </testcase> <!-- CheckRating -->
  <testcase name="CheckFinancialSnapshot" time="0.001" classname="MyTestCase.NewTest">
    <skipped/>
  </testcase> <!-- CheckFinancialSnapshot -->
  <testcase name="CheckAdvancedPopup" time="0.002" classname="MyTestCase.NewTest">
    <skipped/>
  </testcase> <!-- CheckAdvancedPopup -->
  <testcase name="CheckContact" time="0.002" classname="MyTestCase.NewTest">
    <skipped/>
  </testcase> <!-- CheckContact -->
  <testcase name="CheckSubmit" time="0.001" classname="MyTestCase.NewTest">
    <skipped/>
  </testcase> <!-- CheckSubmit -->
  <testcase name="CheckEndorse" time="0.005" classname="MyTestCase.NewTest">
    <skipped/>
  </testcase> <!-- CheckEndorse -->
</testsuite> <!-- Default test -->
