<?xml version="1.0" encoding="UTF-8"?>
<!-- Generated by org.testng.reporters.JUnitXMLReporter -->
<testsuite hostname="VICKY-PC" name="Default test" tests="9" failures="0" timestamp="9 Jul 2018 10:06:25 GMT" time="432.446" errors="0">
  <testcase name="checkLogin" time="13.372" classname="MyTestCase.NewTest"/>
  <testcase name="CheckPopUp" time="93.984" classname="MyTestCase.NewTest"/>
  <testcase name="CheckClaim" time="75.093" classname="MyTestCase.NewTest"/>
  <testcase name="CheckRating" time="26.478" classname="MyTestCase.NewTest"/>
  <testcase name="CheckFinancialSnapshot" time="35.43" classname="MyTestCase.NewTest"/>
  <testcase name="CheckAdvancedPopup" time="33.89" classname="MyTestCase.NewTest"/>
  <testcase name="CheckContact" time="33.252" classname="MyTestCase.NewTest"/>
  <testcase name="CheckSubmit" time="20.711" classname="MyTestCase.NewTest"/>
  <testcase name="CheckEndorse" time="35.639" classname="MyTestCase.NewTest"/>
</testsuite> <!-- Default test -->
