<?xml version="1.0" encoding="UTF-8"?>
<!-- Generated by org.testng.reporters.JUnitXMLReporter -->
<testsuite hostname="VICKY-PC" name="Test" tests="8" failures="1" timestamp="28 Jun 2018 11:22:52 GMT" time="8.739" errors="0">
  <testcase name="@AfterMethod TestSucessfullReport" time="0.0" classname="MyTestCase.NewTest">
    <failure type="org.openqa.selenium.NoSuchWindowException" message="no such window: target window already closed
from unknown error: web view not found
  (Session info: chrome=67.0.3396.99)
  (Driver info: chromedriver=2.35.528161 (5b82f2d2aae0ca24b877009200ced9065a772e73),platform=Windows NT 6.1.7601 SP1 x86_64) (WARNING: The server did not provide any stacktrace information)
Command duration or timeout: 18 milliseconds
Build info: version: &amp;apos;2.50.1&amp;apos;, revision: &amp;apos;d7fc91b29de65b790abb01f3ac5f7ea2191c88a7&amp;apos;, time: &amp;apos;2016-01-29 11:11:26&amp;apos;
System info: host: &amp;apos;VICKY-PC&amp;apos;, ip: &amp;apos;169.254.201.190&amp;apos;, os.name: &amp;apos;Windows 7&amp;apos;, os.arch: &amp;apos;amd64&amp;apos;, os.version: &amp;apos;6.1&amp;apos;, java.version: &amp;apos;1.8.0_131&amp;apos;
Driver info: org.openqa.selenium.chrome.ChromeDriver
Capabilities [{applicationCacheEnabled=false, rotatable=false, mobileEmulationEnabled=false, networkConnectionEnabled=false, chrome={chromedriverVersion=2.35.528161 (5b82f2d2aae0ca24b877009200ced9065a772e73), userDataDir=C:\Users\VICKY\AppData\Local\Temp\scoped_dir7172_27543}, takesHeapSnapshot=true, pageLoadStrategy=normal, databaseEnabled=false, handlesAlerts=true, hasTouchScreen=false, version=67.0.3396.99, platform=XP, browserConnectionEnabled=false, nativeEvents=true, acceptSslCerts=false, acceptInsecureCerts=false, locationContextEnabled=true, webStorageEnabled=true, browserName=chrome, takesScreenshot=true, javascriptEnabled=true, cssSelectorsEnabled=true, setWindowRect=true, unexpectedAlertBehaviour=}]
Session ID: adfb95a0ee7e66a82c1cf65396990fe9">
      <![CDATA[org.openqa.selenium.NoSuchWindowException: no such window: target window already closed
from unknown error: web view not found
  (Session info: chrome=67.0.3396.99)
  (Driver info: chromedriver=2.35.528161 (5b82f2d2aae0ca24b877009200ced9065a772e73),platform=Windows NT 6.1.7601 SP1 x86_64) (WARNING: The server did not provide any stacktrace information)
Command duration or timeout: 18 milliseconds
Build info: version: '2.50.1', revision: 'd7fc91b29de65b790abb01f3ac5f7ea2191c88a7', time: '2016-01-29 11:11:26'
System info: host: 'VICKY-PC', ip: '169.254.201.190', os.name: 'Windows 7', os.arch: 'amd64', os.version: '6.1', java.version: '1.8.0_131'
Driver info: org.openqa.selenium.chrome.ChromeDriver
Capabilities [{applicationCacheEnabled=false, rotatable=false, mobileEmulationEnabled=false, networkConnectionEnabled=false, chrome={chromedriverVersion=2.35.528161 (5b82f2d2aae0ca24b877009200ced9065a772e73), userDataDir=C:\Users\VICKY\AppData\Local\Temp\scoped_dir7172_27543}, takesHeapSnapshot=true, pageLoadStrategy=normal, databaseEnabled=false, handlesAlerts=true, hasTouchScreen=false, version=67.0.3396.99, platform=XP, browserConnectionEnabled=false, nativeEvents=true, acceptSslCerts=false, acceptInsecureCerts=false, locationContextEnabled=true, webStorageEnabled=true, browserName=chrome, takesScreenshot=true, javascriptEnabled=true, cssSelectorsEnabled=true, setWindowRect=true, unexpectedAlertBehaviour=}]
Session ID: adfb95a0ee7e66a82c1cf65396990fe9
	at org.openqa.selenium.remote.ErrorHandler.createThrowable(ErrorHandler.java:206)
	at org.openqa.selenium.remote.ErrorHandler.throwIfResponseFailed(ErrorHandler.java:158)
	at org.openqa.selenium.remote.RemoteWebDriver.execute(RemoteWebDriver.java:678)
	at org.openqa.selenium.remote.RemoteWebDriver.execute(RemoteWebDriver.java:701)
	at org.openqa.selenium.remote.RemoteWebDriver.getScreenshotAs(RemoteWebDriver.java:335)
	at ExecutionReport.ScreenShot.CaptureScreenshot(ScreenShot.java:25)
	at MyTestCase.NewTest.TestSucessfullReport(NewTest.java:197)
... Removed 30 stack frames]]>
    </failure>
  </testcase> <!-- @AfterMethod TestSucessfullReport -->
  <testcase name="@BeforeMethod Setup" time="0.0" classname="MyTestCase.NewTest">
    <skipped/>
  </testcase> <!-- @BeforeMethod Setup -->
  <testcase name="@AfterMethod TestSucessfullReport" time="0.0" classname="MyTestCase.NewTest">
    <skipped/>
  </testcase> <!-- @AfterMethod TestSucessfullReport -->
  <testcase name="@BeforeMethod Setup" time="0.0" classname="MyTestCase.NewTest">
    <skipped/>
  </testcase> <!-- @BeforeMethod Setup -->
  <testcase name="@AfterMethod TestSucessfullReport" time="0.0" classname="MyTestCase.NewTest">
    <skipped/>
  </testcase> <!-- @AfterMethod TestSucessfullReport -->
  <testcase name="@BeforeMethod Setup" time="0.0" classname="MyTestCase.NewTest">
    <skipped/>
  </testcase> <!-- @BeforeMethod Setup -->
  <testcase name="@AfterMethod TestSucessfullReport" time="0.0" classname="MyTestCase.NewTest">
    <skipped/>
  </testcase> <!-- @AfterMethod TestSucessfullReport -->
  <testcase name="@BeforeMethod Setup" time="0.0" classname="MyTestCase.NewTest">
    <skipped/>
  </testcase> <!-- @BeforeMethod Setup -->
  <testcase name="@AfterMethod TestSucessfullReport" time="0.0" classname="MyTestCase.NewTest">
    <skipped/>
  </testcase> <!-- @AfterMethod TestSucessfullReport -->
  <testcase name="@BeforeMethod Setup" time="0.0" classname="MyTestCase.NewTest">
    <skipped/>
  </testcase> <!-- @BeforeMethod Setup -->
  <testcase name="@AfterMethod TestSucessfullReport" time="0.0" classname="MyTestCase.NewTest">
    <skipped/>
  </testcase> <!-- @AfterMethod TestSucessfullReport -->
  <testcase name="@BeforeMethod Setup" time="0.0" classname="MyTestCase.NewTest">
    <skipped/>
  </testcase> <!-- @BeforeMethod Setup -->
  <testcase name="@AfterMethod TestSucessfullReport" time="0.0" classname="MyTestCase.NewTest">
    <skipped/>
  </testcase> <!-- @AfterMethod TestSucessfullReport -->
  <testcase name="@BeforeMethod Setup" time="0.0" classname="MyTestCase.NewTest">
    <skipped/>
  </testcase> <!-- @BeforeMethod Setup -->
  <testcase name="@AfterMethod TestSucessfullReport" time="0.0" classname="MyTestCase.NewTest">
    <skipped/>
  </testcase> <!-- @AfterMethod TestSucessfullReport -->
  <testcase name="@AfterClass tearDown" time="0.0" classname="MyTestCase.NewTest">
    <skipped/>
  </testcase> <!-- @AfterClass tearDown -->
  <testcase name="checkLogin" time="2.248" classname="MyTestCase.NewTest">
    <failure type="org.openqa.selenium.NoSuchWindowException" message="no such window: target window already closed
from unknown error: web view not found
  (Session info: chrome=67.0.3396.99)
  (Driver info: chromedriver=2.35.528161 (5b82f2d2aae0ca24b877009200ced9065a772e73),platform=Windows NT 6.1.7601 SP1 x86_64) (WARNING: The server did not provide any stacktrace information)
Command duration or timeout: 5 milliseconds
Build info: version: &amp;apos;2.50.1&amp;apos;, revision: &amp;apos;d7fc91b29de65b790abb01f3ac5f7ea2191c88a7&amp;apos;, time: &amp;apos;2016-01-29 11:11:26&amp;apos;
System info: host: &amp;apos;VICKY-PC&amp;apos;, ip: &amp;apos;169.254.201.190&amp;apos;, os.name: &amp;apos;Windows 7&amp;apos;, os.arch: &amp;apos;amd64&amp;apos;, os.version: &amp;apos;6.1&amp;apos;, java.version: &amp;apos;1.8.0_131&amp;apos;
Driver info: org.openqa.selenium.chrome.ChromeDriver
Capabilities [{applicationCacheEnabled=false, rotatable=false, mobileEmulationEnabled=false, networkConnectionEnabled=false, chrome={chromedriverVersion=2.35.528161 (5b82f2d2aae0ca24b877009200ced9065a772e73), userDataDir=C:\Users\VICKY\AppData\Local\Temp\scoped_dir7172_27543}, takesHeapSnapshot=true, pageLoadStrategy=normal, databaseEnabled=false, handlesAlerts=true, hasTouchScreen=false, version=67.0.3396.99, platform=XP, browserConnectionEnabled=false, nativeEvents=true, acceptSslCerts=false, acceptInsecureCerts=false, locationContextEnabled=true, webStorageEnabled=true, browserName=chrome, takesScreenshot=true, javascriptEnabled=true, cssSelectorsEnabled=true, setWindowRect=true, unexpectedAlertBehaviour=}]
Session ID: adfb95a0ee7e66a82c1cf65396990fe9
*** Element info: {Using=xpath, value=//div[@class=&amp;apos;user-login user-login-front pull-right&amp;apos;]/a[text()=&amp;apos;Login&amp;apos;]}">
      <![CDATA[org.openqa.selenium.NoSuchWindowException: no such window: target window already closed
from unknown error: web view not found
  (Session info: chrome=67.0.3396.99)
  (Driver info: chromedriver=2.35.528161 (5b82f2d2aae0ca24b877009200ced9065a772e73),platform=Windows NT 6.1.7601 SP1 x86_64) (WARNING: The server did not provide any stacktrace information)
Command duration or timeout: 5 milliseconds
Build info: version: '2.50.1', revision: 'd7fc91b29de65b790abb01f3ac5f7ea2191c88a7', time: '2016-01-29 11:11:26'
System info: host: 'VICKY-PC', ip: '169.254.201.190', os.name: 'Windows 7', os.arch: 'amd64', os.version: '6.1', java.version: '1.8.0_131'
Driver info: org.openqa.selenium.chrome.ChromeDriver
Capabilities [{applicationCacheEnabled=false, rotatable=false, mobileEmulationEnabled=false, networkConnectionEnabled=false, chrome={chromedriverVersion=2.35.528161 (5b82f2d2aae0ca24b877009200ced9065a772e73), userDataDir=C:\Users\VICKY\AppData\Local\Temp\scoped_dir7172_27543}, takesHeapSnapshot=true, pageLoadStrategy=normal, databaseEnabled=false, handlesAlerts=true, hasTouchScreen=false, version=67.0.3396.99, platform=XP, browserConnectionEnabled=false, nativeEvents=true, acceptSslCerts=false, acceptInsecureCerts=false, locationContextEnabled=true, webStorageEnabled=true, browserName=chrome, takesScreenshot=true, javascriptEnabled=true, cssSelectorsEnabled=true, setWindowRect=true, unexpectedAlertBehaviour=}]
Session ID: adfb95a0ee7e66a82c1cf65396990fe9
*** Element info: {Using=xpath, value=//div[@class='user-login user-login-front pull-right']/a[text()='Login']}
	at org.openqa.selenium.remote.ErrorHandler.createThrowable(ErrorHandler.java:206)
	at org.openqa.selenium.remote.ErrorHandler.throwIfResponseFailed(ErrorHandler.java:158)
	at org.openqa.selenium.remote.RemoteWebDriver.execute(RemoteWebDriver.java:678)
	at org.openqa.selenium.remote.RemoteWebDriver.findElement(RemoteWebDriver.java:363)
	at org.openqa.selenium.remote.RemoteWebDriver.findElementByXPath(RemoteWebDriver.java:500)
	at org.openqa.selenium.By$ByXPath.findElement(By.java:361)
	at org.openqa.selenium.remote.RemoteWebDriver.findElement(RemoteWebDriver.java:355)
	at org.openqa.selenium.support.pagefactory.DefaultElementLocator.findElement(DefaultElementLocator.java:69)
	at org.openqa.selenium.support.pagefactory.internal.LocatingElementHandler.invoke(LocatingElementHandler.java:38)
	at com.sun.proxy.$Proxy9.click(Unknown Source)
	at PageClass.Login_Test.UserLogin(Login_Test.java:49)
	at MyTestCase.NewTest.checkLogin(NewTest.java:109)
... Removed 28 stack frames]]>
    </failure>
  </testcase> <!-- checkLogin -->
  <testcase name="CheckClaim" time="0.001" classname="MyTestCase.NewTest">
    <skipped/>
  </testcase> <!-- CheckClaim -->
  <testcase name="CheckRating" time="0.0" classname="MyTestCase.NewTest">
    <skipped/>
  </testcase> <!-- CheckRating -->
  <testcase name="CheckFinancialSnapshot" time="0.001" classname="MyTestCase.NewTest">
    <skipped/>
  </testcase> <!-- CheckFinancialSnapshot -->
  <testcase name="CheckAdvancedPopup" time="0.001" classname="MyTestCase.NewTest">
    <skipped/>
  </testcase> <!-- CheckAdvancedPopup -->
  <testcase name="CheckContact" time="0.001" classname="MyTestCase.NewTest">
    <skipped/>
  </testcase> <!-- CheckContact -->
  <testcase name="CheckSubmit" time="0.001" classname="MyTestCase.NewTest">
    <skipped/>
  </testcase> <!-- CheckSubmit -->
  <testcase name="CheckProduce" time="0.0" classname="MyTestCase.NewTest">
    <skipped/>
  </testcase> <!-- CheckProduce -->
</testsuite> <!-- Test -->
