<?xml version="1.0" encoding="UTF-8"?>
<testng-results skipped="18" failed="1" total="19" passed="0">
  <reporter-output>
  </reporter-output>
  <suite name="Command line suite" duration-ms="14056" started-at="2018-07-09T07:38:31Z" finished-at="2018-07-09T07:38:45Z">
    <groups>
    </groups>
    <test name="Command line test" duration-ms="14056" started-at="2018-07-09T07:38:31Z" finished-at="2018-07-09T07:38:45Z">
      <class name="MyTestCase.NewTest">
        <test-method status="PASS" signature="setUpClass()[pri:0, instance:MyTestCase.NewTest@6df97b55]" name="setUpClass" is-config="true" duration-ms="263" started-at="2018-07-09T13:08:31Z" finished-at="2018-07-09T13:08:32Z">
          <reporter-output>
          </reporter-output>
        </test-method> <!-- setUpClass -->
        <test-method status="PASS" signature="Setup()[pri:0, instance:MyTestCase.NewTest@6df97b55]" name="Setup" is-config="true" duration-ms="11463" started-at="2018-07-09T13:08:32Z" finished-at="2018-07-09T13:08:43Z">
          <reporter-output>
          </reporter-output>
        </test-method> <!-- Setup -->
        <test-method status="FAIL" signature="checkLogin()[pri:1, instance:MyTestCase.NewTest@6df97b55]" name="checkLogin" duration-ms="2259" started-at="2018-07-09T13:08:43Z" finished-at="2018-07-09T13:08:45Z">
          <exception class="java.lang.NullPointerException">
            <full-stacktrace>
              <![CDATA[java.lang.NullPointerException
	at sun.reflect.NativeMethodAccessorImpl.invoke0(Native Method)
	at sun.reflect.NativeMethodAccessorImpl.invoke(Unknown Source)
	at sun.reflect.DelegatingMethodAccessorImpl.invoke(Unknown Source)
	at java.lang.reflect.Method.invoke(Unknown Source)
	at org.openqa.selenium.support.pagefactory.internal.LocatingElementHandler.invoke(LocatingElementHandler.java:51)
	at com.sun.proxy.$Proxy8.click(Unknown Source)
	at PageClass.Login_Test.UserLogin(Login_Test.java:53)
	at MyTestCase.NewTest.checkLogin(NewTest.java:101)
	at sun.reflect.NativeMethodAccessorImpl.invoke0(Native Method)
	at sun.reflect.NativeMethodAccessorImpl.invoke(Unknown Source)
	at sun.reflect.DelegatingMethodAccessorImpl.invoke(Unknown Source)
	at java.lang.reflect.Method.invoke(Unknown Source)
	at org.testng.internal.MethodInvocationHelper.invokeMethod(MethodInvocationHelper.java:86)
	at org.testng.internal.Invoker.invokeMethod(Invoker.java:643)
	at org.testng.internal.Invoker.invokeTestMethod(Invoker.java:820)
	at org.testng.internal.Invoker.invokeTestMethods(Invoker.java:1128)
	at org.testng.internal.TestMethodWorker.invokeTestMethods(TestMethodWorker.java:129)
	at org.testng.internal.TestMethodWorker.run(TestMethodWorker.java:112)
	at org.testng.TestRunner.privateRun(TestRunner.java:782)
	at org.testng.TestRunner.run(TestRunner.java:632)
	at org.testng.SuiteRunner.runTest(SuiteRunner.java:366)
	at org.testng.SuiteRunner.runSequentially(SuiteRunner.java:361)
	at org.testng.SuiteRunner.privateRun(SuiteRunner.java:319)
	at org.testng.SuiteRunner.run(SuiteRunner.java:268)
	at org.testng.SuiteRunnerWorker.runSuite(SuiteRunnerWorker.java:52)
	at org.testng.SuiteRunnerWorker.run(SuiteRunnerWorker.java:86)
	at org.testng.TestNG.runSuitesSequentially(TestNG.java:1244)
	at org.testng.TestNG.runSuitesLocally(TestNG.java:1169)
	at org.testng.TestNG.run(TestNG.java:1064)
	at org.apache.maven.surefire.testng.TestNGExecutor.run(TestNGExecutor.java:77)
	at org.apache.maven.surefire.testng.TestNGDirectoryTestSuite.executeMulti(TestNGDirectoryTestSuite.java:159)
	at org.apache.maven.surefire.testng.TestNGDirectoryTestSuite.execute(TestNGDirectoryTestSuite.java:99)
	at org.apache.maven.surefire.testng.TestNGProvider.invoke(TestNGProvider.java:106)
	at sun.reflect.NativeMethodAccessorImpl.invoke0(Native Method)
	at sun.reflect.NativeMethodAccessorImpl.invoke(Unknown Source)
	at sun.reflect.DelegatingMethodAccessorImpl.invoke(Unknown Source)
	at java.lang.reflect.Method.invoke(Unknown Source)
	at org.apache.maven.surefire.util.ReflectionUtils.invokeMethodWithArray(ReflectionUtils.java:189)
	at org.apache.maven.surefire.booter.ProviderFactory$ProviderProxy.invoke(ProviderFactory.java:165)
	at org.apache.maven.surefire.booter.ProviderFactory.invokeProvider(ProviderFactory.java:85)
	at org.apache.maven.surefire.booter.ForkedBooter.runSuitesInProcess(ForkedBooter.java:115)
	at org.apache.maven.surefire.booter.ForkedBooter.main(ForkedBooter.java:75)
]]>
            </full-stacktrace>
          </exception> <!-- java.lang.NullPointerException -->
          <reporter-output>
          </reporter-output>
        </test-method> <!-- checkLogin -->
        <test-method status="FAIL" signature="TestSucessfullReport(org.testng.ITestResult)[pri:0, instance:MyTestCase.NewTest@6df97b55]" name="TestSucessfullReport" is-config="true" duration-ms="0" started-at="2018-07-09T13:08:45Z" finished-at="2018-07-09T13:08:45Z">
          <params>
            <param index="0">
              <value>
                <![CDATA[[TestResult name=checkLogin status=FAILURE method=NewTest.checkLogin()[pri:1, instance:MyTestCase.NewTest@6df97b55] output={null}]]]>
              </value>
            </param>
          </params>
          <exception class="java.lang.NullPointerException">
            <full-stacktrace>
              <![CDATA[java.lang.NullPointerException
	at MyTestCase.NewTest.TestSucessfullReport(NewTest.java:196)
	at sun.reflect.NativeMethodAccessorImpl.invoke0(Native Method)
	at sun.reflect.NativeMethodAccessorImpl.invoke(Unknown Source)
	at sun.reflect.DelegatingMethodAccessorImpl.invoke(Unknown Source)
	at java.lang.reflect.Method.invoke(Unknown Source)
	at org.testng.internal.MethodInvocationHelper.invokeMethod(MethodInvocationHelper.java:86)
	at org.testng.internal.Invoker.invokeConfigurationMethod(Invoker.java:514)
	at org.testng.internal.Invoker.invokeConfigurations(Invoker.java:215)
	at org.testng.internal.Invoker.invokeMethod(Invoker.java:707)
	at org.testng.internal.Invoker.invokeTestMethod(Invoker.java:820)
	at org.testng.internal.Invoker.invokeTestMethods(Invoker.java:1128)
	at org.testng.internal.TestMethodWorker.invokeTestMethods(TestMethodWorker.java:129)
	at org.testng.internal.TestMethodWorker.run(TestMethodWorker.java:112)
	at org.testng.TestRunner.privateRun(TestRunner.java:782)
	at org.testng.TestRunner.run(TestRunner.java:632)
	at org.testng.SuiteRunner.runTest(SuiteRunner.java:366)
	at org.testng.SuiteRunner.runSequentially(SuiteRunner.java:361)
	at org.testng.SuiteRunner.privateRun(SuiteRunner.java:319)
	at org.testng.SuiteRunner.run(SuiteRunner.java:268)
	at org.testng.SuiteRunnerWorker.runSuite(SuiteRunnerWorker.java:52)
	at org.testng.SuiteRunnerWorker.run(SuiteRunnerWorker.java:86)
	at org.testng.TestNG.runSuitesSequentially(TestNG.java:1244)
	at org.testng.TestNG.runSuitesLocally(TestNG.java:1169)
	at org.testng.TestNG.run(TestNG.java:1064)
	at org.apache.maven.surefire.testng.TestNGExecutor.run(TestNGExecutor.java:77)
	at org.apache.maven.surefire.testng.TestNGDirectoryTestSuite.executeMulti(TestNGDirectoryTestSuite.java:159)
	at org.apache.maven.surefire.testng.TestNGDirectoryTestSuite.execute(TestNGDirectoryTestSuite.java:99)
	at org.apache.maven.surefire.testng.TestNGProvider.invoke(TestNGProvider.java:106)
	at sun.reflect.NativeMethodAccessorImpl.invoke0(Native Method)
	at sun.reflect.NativeMethodAccessorImpl.invoke(Unknown Source)
	at sun.reflect.DelegatingMethodAccessorImpl.invoke(Unknown Source)
	at java.lang.reflect.Method.invoke(Unknown Source)
	at org.apache.maven.surefire.util.ReflectionUtils.invokeMethodWithArray(ReflectionUtils.java:189)
	at org.apache.maven.surefire.booter.ProviderFactory$ProviderProxy.invoke(ProviderFactory.java:165)
	at org.apache.maven.surefire.booter.ProviderFactory.invokeProvider(ProviderFactory.java:85)
	at org.apache.maven.surefire.booter.ForkedBooter.runSuitesInProcess(ForkedBooter.java:115)
	at org.apache.maven.surefire.booter.ForkedBooter.main(ForkedBooter.java:75)
]]>
            </full-stacktrace>
          </exception> <!-- java.lang.NullPointerException -->
          <reporter-output>
          </reporter-output>
        </test-method> <!-- TestSucessfullReport -->
        <test-method status="SKIP" signature="Setup()[pri:0, instance:MyTestCase.NewTest@6df97b55]" name="Setup" is-config="true" duration-ms="0" started-at="2018-07-09T13:08:45Z" finished-at="2018-07-09T13:08:45Z">
          <reporter-output>
          </reporter-output>
        </test-method> <!-- Setup -->
        <test-method status="SKIP" signature="CheckPopUp()[pri:2, instance:MyTestCase.NewTest@6df97b55]" name="CheckPopUp" duration-ms="0" started-at="2018-07-09T13:08:45Z" finished-at="2018-07-09T13:08:45Z">
          <reporter-output>
          </reporter-output>
        </test-method> <!-- CheckPopUp -->
        <test-method status="SKIP" signature="TestSucessfullReport(org.testng.ITestResult)[pri:0, instance:MyTestCase.NewTest@6df97b55]" name="TestSucessfullReport" is-config="true" duration-ms="0" started-at="2018-07-09T13:08:45Z" finished-at="2018-07-09T13:08:45Z">
          <reporter-output>
          </reporter-output>
        </test-method> <!-- TestSucessfullReport -->
        <test-method status="SKIP" signature="Setup()[pri:0, instance:MyTestCase.NewTest@6df97b55]" name="Setup" is-config="true" duration-ms="0" started-at="2018-07-09T13:08:45Z" finished-at="2018-07-09T13:08:45Z">
          <reporter-output>
          </reporter-output>
        </test-method> <!-- Setup -->
        <test-method status="SKIP" signature="CheckClaim()[pri:3, instance:MyTestCase.NewTest@6df97b55]" name="CheckClaim" duration-ms="1" started-at="2018-07-09T13:08:45Z" finished-at="2018-07-09T13:08:45Z">
          <reporter-output>
          </reporter-output>
        </test-method> <!-- CheckClaim -->
        <test-method status="SKIP" signature="TestSucessfullReport(org.testng.ITestResult)[pri:0, instance:MyTestCase.NewTest@6df97b55]" name="TestSucessfullReport" is-config="true" duration-ms="0" started-at="2018-07-09T13:08:45Z" finished-at="2018-07-09T13:08:45Z">
          <reporter-output>
          </reporter-output>
        </test-method> <!-- TestSucessfullReport -->
        <test-method status="SKIP" signature="Setup()[pri:0, instance:MyTestCase.NewTest@6df97b55]" name="Setup" is-config="true" duration-ms="0" started-at="2018-07-09T13:08:45Z" finished-at="2018-07-09T13:08:45Z">
          <reporter-output>
          </reporter-output>
        </test-method> <!-- Setup -->
        <test-method status="SKIP" signature="CheckRating()[pri:4, instance:MyTestCase.NewTest@6df97b55]" name="CheckRating" duration-ms="0" started-at="2018-07-09T13:08:45Z" finished-at="2018-07-09T13:08:45Z">
          <reporter-output>
          </reporter-output>
        </test-method> <!-- CheckRating -->
        <test-method status="SKIP" signature="TestSucessfullReport(org.testng.ITestResult)[pri:0, instance:MyTestCase.NewTest@6df97b55]" name="TestSucessfullReport" is-config="true" duration-ms="0" started-at="2018-07-09T13:08:45Z" finished-at="2018-07-09T13:08:45Z">
          <reporter-output>
          </reporter-output>
        </test-method> <!-- TestSucessfullReport -->
        <test-method status="SKIP" signature="TestSucessfullReport(org.testng.ITestResult)[pri:0, instance:MyTestCase.NewTest@6df97b55]" name="TestSucessfullReport" is-config="true" duration-ms="0" started-at="2018-07-09T13:08:45Z" finished-at="2018-07-09T13:08:45Z">
          <reporter-output>
          </reporter-output>
        </test-method> <!-- TestSucessfullReport -->
        <test-method status="SKIP" signature="CheckFinancialSnapshot()[pri:5, instance:MyTestCase.NewTest@6df97b55]" name="CheckFinancialSnapshot" duration-ms="0" started-at="2018-07-09T13:08:45Z" finished-at="2018-07-09T13:08:45Z">
          <reporter-output>
          </reporter-output>
        </test-method> <!-- CheckFinancialSnapshot -->
        <test-method status="SKIP" signature="Setup()[pri:0, instance:MyTestCase.NewTest@6df97b55]" name="Setup" is-config="true" duration-ms="0" started-at="2018-07-09T13:08:45Z" finished-at="2018-07-09T13:08:45Z">
          <reporter-output>
          </reporter-output>
        </test-method> <!-- Setup -->
        <test-method status="SKIP" signature="TestSucessfullReport(org.testng.ITestResult)[pri:0, instance:MyTestCase.NewTest@6df97b55]" name="TestSucessfullReport" is-config="true" duration-ms="0" started-at="2018-07-09T13:08:45Z" finished-at="2018-07-09T13:08:45Z">
          <reporter-output>
          </reporter-output>
        </test-method> <!-- TestSucessfullReport -->
        <test-method status="SKIP" signature="CheckAdvancedPopup()[pri:6, instance:MyTestCase.NewTest@6df97b55]" name="CheckAdvancedPopup" duration-ms="0" started-at="2018-07-09T13:08:45Z" finished-at="2018-07-09T13:08:45Z">
          <reporter-output>
          </reporter-output>
        </test-method> <!-- CheckAdvancedPopup -->
        <test-method status="SKIP" signature="CheckContact()[pri:7, instance:MyTestCase.NewTest@6df97b55]" name="CheckContact" duration-ms="0" started-at="2018-07-09T13:08:45Z" finished-at="2018-07-09T13:08:45Z">
          <reporter-output>
          </reporter-output>
        </test-method> <!-- CheckContact -->
        <test-method status="SKIP" signature="Setup()[pri:0, instance:MyTestCase.NewTest@6df97b55]" name="Setup" is-config="true" duration-ms="0" started-at="2018-07-09T13:08:45Z" finished-at="2018-07-09T13:08:45Z">
          <reporter-output>
          </reporter-output>
        </test-method> <!-- Setup -->
        <test-method status="SKIP" signature="Setup()[pri:0, instance:MyTestCase.NewTest@6df97b55]" name="Setup" is-config="true" duration-ms="0" started-at="2018-07-09T13:08:45Z" finished-at="2018-07-09T13:08:45Z">
          <reporter-output>
          </reporter-output>
        </test-method> <!-- Setup -->
        <test-method status="SKIP" signature="TestSucessfullReport(org.testng.ITestResult)[pri:0, instance:MyTestCase.NewTest@6df97b55]" name="TestSucessfullReport" is-config="true" duration-ms="0" started-at="2018-07-09T13:08:45Z" finished-at="2018-07-09T13:08:45Z">
          <reporter-output>
          </reporter-output>
        </test-method> <!-- TestSucessfullReport -->
        <test-method status="SKIP" signature="Setup()[pri:0, instance:MyTestCase.NewTest@6df97b55]" name="Setup" is-config="true" duration-ms="0" started-at="2018-07-09T13:08:45Z" finished-at="2018-07-09T13:08:45Z">
          <reporter-output>
          </reporter-output>
        </test-method> <!-- Setup -->
        <test-method status="SKIP" signature="CheckSubmit()[pri:8, instance:MyTestCase.NewTest@6df97b55]" name="CheckSubmit" duration-ms="0" started-at="2018-07-09T13:08:45Z" finished-at="2018-07-09T13:08:45Z">
          <reporter-output>
          </reporter-output>
        </test-method> <!-- CheckSubmit -->
        <test-method status="SKIP" signature="TestSucessfullReport(org.testng.ITestResult)[pri:0, instance:MyTestCase.NewTest@6df97b55]" name="TestSucessfullReport" is-config="true" duration-ms="0" started-at="2018-07-09T13:08:45Z" finished-at="2018-07-09T13:08:45Z">
          <reporter-output>
          </reporter-output>
        </test-method> <!-- TestSucessfullReport -->
        <test-method status="SKIP" signature="Setup()[pri:0, instance:MyTestCase.NewTest@6df97b55]" name="Setup" is-config="true" duration-ms="0" started-at="2018-07-09T13:08:45Z" finished-at="2018-07-09T13:08:45Z">
          <reporter-output>
          </reporter-output>
        </test-method> <!-- Setup -->
        <test-method status="SKIP" signature="CheckEndorse()[pri:9, instance:MyTestCase.NewTest@6df97b55]" name="CheckEndorse" duration-ms="1" started-at="2018-07-09T13:08:45Z" finished-at="2018-07-09T13:08:45Z">
          <reporter-output>
          </reporter-output>
        </test-method> <!-- CheckEndorse -->
        <test-method status="SKIP" signature="TestSucessfullReport(org.testng.ITestResult)[pri:0, instance:MyTestCase.NewTest@6df97b55]" name="TestSucessfullReport" is-config="true" duration-ms="0" started-at="2018-07-09T13:08:45Z" finished-at="2018-07-09T13:08:45Z">
          <reporter-output>
          </reporter-output>
        </test-method> <!-- TestSucessfullReport -->
        <test-method status="SKIP" signature="tearDown()[pri:0, instance:MyTestCase.NewTest@6df97b55]" name="tearDown" is-config="true" duration-ms="0" started-at="2018-07-09T13:08:45Z" finished-at="2018-07-09T13:08:45Z">
          <reporter-output>
          </reporter-output>
        </test-method> <!-- tearDown -->
      </class> <!-- MyTestCase.NewTest -->
      <class name="MyTestCase.DemoTest">
        <test-method status="FAIL" signature="Setup(java.lang.String)[pri:0, instance:MyTestCase.DemoTest@366e2eef]" name="Setup" is-config="true" duration-ms="0" started-at="2018-07-09T13:08:31Z" finished-at="2018-07-09T13:08:31Z">
          <exception class="org.testng.TestNGException">
            <message>
              <![CDATA[
Parameter 'browser' is required by @Configuration on method Setup but has not been marked @Optional or defined
]]>
            </message>
            <full-stacktrace>
              <![CDATA[org.testng.TestNGException: 
Parameter 'browser' is required by @Configuration on method Setup but has not been marked @Optional or defined

	at org.testng.internal.Parameters.createParameters(Parameters.java:154)
	at org.testng.internal.Parameters.createParameters(Parameters.java:361)
	at org.testng.internal.Parameters.createConfigurationParameters(Parameters.java:84)
	at org.testng.internal.Invoker.invokeConfigurations(Invoker.java:201)
	at org.testng.internal.Invoker.invokeMethod(Invoker.java:589)
	at org.testng.internal.Invoker.invokeTestMethod(Invoker.java:820)
	at org.testng.internal.Invoker.invokeTestMethods(Invoker.java:1128)
	at org.testng.internal.TestMethodWorker.invokeTestMethods(TestMethodWorker.java:129)
	at org.testng.internal.TestMethodWorker.run(TestMethodWorker.java:112)
	at org.testng.TestRunner.privateRun(TestRunner.java:782)
	at org.testng.TestRunner.run(TestRunner.java:632)
	at org.testng.SuiteRunner.runTest(SuiteRunner.java:366)
	at org.testng.SuiteRunner.runSequentially(SuiteRunner.java:361)
	at org.testng.SuiteRunner.privateRun(SuiteRunner.java:319)
	at org.testng.SuiteRunner.run(SuiteRunner.java:268)
	at org.testng.SuiteRunnerWorker.runSuite(SuiteRunnerWorker.java:52)
	at org.testng.SuiteRunnerWorker.run(SuiteRunnerWorker.java:86)
	at org.testng.TestNG.runSuitesSequentially(TestNG.java:1244)
	at org.testng.TestNG.runSuitesLocally(TestNG.java:1169)
	at org.testng.TestNG.run(TestNG.java:1064)
	at org.apache.maven.surefire.testng.TestNGExecutor.run(TestNGExecutor.java:77)
	at org.apache.maven.surefire.testng.TestNGDirectoryTestSuite.executeMulti(TestNGDirectoryTestSuite.java:159)
	at org.apache.maven.surefire.testng.TestNGDirectoryTestSuite.execute(TestNGDirectoryTestSuite.java:99)
	at org.apache.maven.surefire.testng.TestNGProvider.invoke(TestNGProvider.java:106)
	at sun.reflect.NativeMethodAccessorImpl.invoke0(Native Method)
	at sun.reflect.NativeMethodAccessorImpl.invoke(Unknown Source)
	at sun.reflect.DelegatingMethodAccessorImpl.invoke(Unknown Source)
	at java.lang.reflect.Method.invoke(Unknown Source)
	at org.apache.maven.surefire.util.ReflectionUtils.invokeMethodWithArray(ReflectionUtils.java:189)
	at org.apache.maven.surefire.booter.ProviderFactory$ProviderProxy.invoke(ProviderFactory.java:165)
	at org.apache.maven.surefire.booter.ProviderFactory.invokeProvider(ProviderFactory.java:85)
	at org.apache.maven.surefire.booter.ForkedBooter.runSuitesInProcess(ForkedBooter.java:115)
	at org.apache.maven.surefire.booter.ForkedBooter.main(ForkedBooter.java:75)
]]>
            </full-stacktrace>
          </exception> <!-- org.testng.TestNGException -->
          <reporter-output>
          </reporter-output>
        </test-method> <!-- Setup -->
        <test-method status="SKIP" signature="checkLogin()[pri:1, instance:MyTestCase.DemoTest@366e2eef]" name="checkLogin" duration-ms="7" started-at="2018-07-09T13:08:31Z" finished-at="2018-07-09T13:08:31Z">
          <reporter-output>
          </reporter-output>
        </test-method> <!-- checkLogin -->
        <test-method status="SKIP" signature="TestSucessfullReport()[pri:0, instance:MyTestCase.DemoTest@366e2eef]" name="TestSucessfullReport" is-config="true" duration-ms="0" started-at="2018-07-09T13:08:31Z" finished-at="2018-07-09T13:08:31Z">
          <reporter-output>
          </reporter-output>
        </test-method> <!-- TestSucessfullReport -->
        <test-method status="SKIP" signature="CheckPopUp()[pri:2, instance:MyTestCase.DemoTest@366e2eef]" name="CheckPopUp" duration-ms="0" started-at="2018-07-09T13:08:45Z" finished-at="2018-07-09T13:08:45Z">
          <reporter-output>
          </reporter-output>
        </test-method> <!-- CheckPopUp -->
        <test-method status="SKIP" signature="TestSucessfullReport()[pri:0, instance:MyTestCase.DemoTest@366e2eef]" name="TestSucessfullReport" is-config="true" duration-ms="0" started-at="2018-07-09T13:08:45Z" finished-at="2018-07-09T13:08:45Z">
          <reporter-output>
          </reporter-output>
        </test-method> <!-- TestSucessfullReport -->
        <test-method status="SKIP" signature="Setup(java.lang.String)[pri:0, instance:MyTestCase.DemoTest@366e2eef]" name="Setup" is-config="true" duration-ms="0" started-at="2018-07-09T13:08:45Z" finished-at="2018-07-09T13:08:45Z">
          <reporter-output>
          </reporter-output>
        </test-method> <!-- Setup -->
        <test-method status="SKIP" signature="TestSucessfullReport()[pri:0, instance:MyTestCase.DemoTest@366e2eef]" name="TestSucessfullReport" is-config="true" duration-ms="0" started-at="2018-07-09T13:08:45Z" finished-at="2018-07-09T13:08:45Z">
          <reporter-output>
          </reporter-output>
        </test-method> <!-- TestSucessfullReport -->
        <test-method status="SKIP" signature="CheckClaim()[pri:3, instance:MyTestCase.DemoTest@366e2eef]" name="CheckClaim" duration-ms="0" started-at="2018-07-09T13:08:45Z" finished-at="2018-07-09T13:08:45Z">
          <reporter-output>
          </reporter-output>
        </test-method> <!-- CheckClaim -->
        <test-method status="SKIP" signature="Setup(java.lang.String)[pri:0, instance:MyTestCase.DemoTest@366e2eef]" name="Setup" is-config="true" duration-ms="0" started-at="2018-07-09T13:08:45Z" finished-at="2018-07-09T13:08:45Z">
          <reporter-output>
          </reporter-output>
        </test-method> <!-- Setup -->
        <test-method status="SKIP" signature="TestSucessfullReport()[pri:0, instance:MyTestCase.DemoTest@366e2eef]" name="TestSucessfullReport" is-config="true" duration-ms="0" started-at="2018-07-09T13:08:45Z" finished-at="2018-07-09T13:08:45Z">
          <reporter-output>
          </reporter-output>
        </test-method> <!-- TestSucessfullReport -->
        <test-method status="SKIP" signature="CheckRating()[pri:4, instance:MyTestCase.DemoTest@366e2eef]" name="CheckRating" duration-ms="0" started-at="2018-07-09T13:08:45Z" finished-at="2018-07-09T13:08:45Z">
          <reporter-output>
          </reporter-output>
        </test-method> <!-- CheckRating -->
        <test-method status="SKIP" signature="Setup(java.lang.String)[pri:0, instance:MyTestCase.DemoTest@366e2eef]" name="Setup" is-config="true" duration-ms="0" started-at="2018-07-09T13:08:45Z" finished-at="2018-07-09T13:08:45Z">
          <reporter-output>
          </reporter-output>
        </test-method> <!-- Setup -->
        <test-method status="SKIP" signature="Setup(java.lang.String)[pri:0, instance:MyTestCase.DemoTest@366e2eef]" name="Setup" is-config="true" duration-ms="0" started-at="2018-07-09T13:08:45Z" finished-at="2018-07-09T13:08:45Z">
          <reporter-output>
          </reporter-output>
        </test-method> <!-- Setup -->
        <test-method status="SKIP" signature="TestSucessfullReport()[pri:0, instance:MyTestCase.DemoTest@366e2eef]" name="TestSucessfullReport" is-config="true" duration-ms="0" started-at="2018-07-09T13:08:45Z" finished-at="2018-07-09T13:08:45Z">
          <reporter-output>
          </reporter-output>
        </test-method> <!-- TestSucessfullReport -->
        <test-method status="SKIP" signature="CheckFinancialSnapshot()[pri:5, instance:MyTestCase.DemoTest@366e2eef]" name="CheckFinancialSnapshot" duration-ms="0" started-at="2018-07-09T13:08:45Z" finished-at="2018-07-09T13:08:45Z">
          <reporter-output>
          </reporter-output>
        </test-method> <!-- CheckFinancialSnapshot -->
        <test-method status="SKIP" signature="TestSucessfullReport()[pri:0, instance:MyTestCase.DemoTest@366e2eef]" name="TestSucessfullReport" is-config="true" duration-ms="0" started-at="2018-07-09T13:08:45Z" finished-at="2018-07-09T13:08:45Z">
          <reporter-output>
          </reporter-output>
        </test-method> <!-- TestSucessfullReport -->
        <test-method status="SKIP" signature="CheckAdvancedPopup()[pri:6, instance:MyTestCase.DemoTest@366e2eef]" name="CheckAdvancedPopup" duration-ms="0" started-at="2018-07-09T13:08:45Z" finished-at="2018-07-09T13:08:45Z">
          <reporter-output>
          </reporter-output>
        </test-method> <!-- CheckAdvancedPopup -->
        <test-method status="SKIP" signature="Setup(java.lang.String)[pri:0, instance:MyTestCase.DemoTest@366e2eef]" name="Setup" is-config="true" duration-ms="0" started-at="2018-07-09T13:08:45Z" finished-at="2018-07-09T13:08:45Z">
          <reporter-output>
          </reporter-output>
        </test-method> <!-- Setup -->
        <test-method status="SKIP" signature="Setup(java.lang.String)[pri:0, instance:MyTestCase.DemoTest@366e2eef]" name="Setup" is-config="true" duration-ms="0" started-at="2018-07-09T13:08:45Z" finished-at="2018-07-09T13:08:45Z">
          <reporter-output>
          </reporter-output>
        </test-method> <!-- Setup -->
        <test-method status="SKIP" signature="TestSucessfullReport()[pri:0, instance:MyTestCase.DemoTest@366e2eef]" name="TestSucessfullReport" is-config="true" duration-ms="0" started-at="2018-07-09T13:08:45Z" finished-at="2018-07-09T13:08:45Z">
          <reporter-output>
          </reporter-output>
        </test-method> <!-- TestSucessfullReport -->
        <test-method status="SKIP" signature="CheckContact()[pri:7, instance:MyTestCase.DemoTest@366e2eef]" name="CheckContact" duration-ms="0" started-at="2018-07-09T13:08:45Z" finished-at="2018-07-09T13:08:45Z">
          <reporter-output>
          </reporter-output>
        </test-method> <!-- CheckContact -->
        <test-method status="SKIP" signature="Setup(java.lang.String)[pri:0, instance:MyTestCase.DemoTest@366e2eef]" name="Setup" is-config="true" duration-ms="0" started-at="2018-07-09T13:08:45Z" finished-at="2018-07-09T13:08:45Z">
          <reporter-output>
          </reporter-output>
        </test-method> <!-- Setup -->
        <test-method status="SKIP" signature="TestSucessfullReport()[pri:0, instance:MyTestCase.DemoTest@366e2eef]" name="TestSucessfullReport" is-config="true" duration-ms="0" started-at="2018-07-09T13:08:45Z" finished-at="2018-07-09T13:08:45Z">
          <reporter-output>
          </reporter-output>
        </test-method> <!-- TestSucessfullReport -->
        <test-method status="SKIP" signature="CheckSubmit()[pri:8, instance:MyTestCase.DemoTest@366e2eef]" name="CheckSubmit" duration-ms="0" started-at="2018-07-09T13:08:45Z" finished-at="2018-07-09T13:08:45Z">
          <reporter-output>
          </reporter-output>
        </test-method> <!-- CheckSubmit -->
        <test-method status="SKIP" signature="CheckEndorse()[pri:9, instance:MyTestCase.DemoTest@366e2eef]" name="CheckEndorse" duration-ms="1" started-at="2018-07-09T13:08:45Z" finished-at="2018-07-09T13:08:45Z">
          <reporter-output>
          </reporter-output>
        </test-method> <!-- CheckEndorse -->
        <test-method status="SKIP" signature="Setup(java.lang.String)[pri:0, instance:MyTestCase.DemoTest@366e2eef]" name="Setup" is-config="true" duration-ms="0" started-at="2018-07-09T13:08:45Z" finished-at="2018-07-09T13:08:45Z">
          <reporter-output>
          </reporter-output>
        </test-method> <!-- Setup -->
        <test-method status="SKIP" signature="TestSucessfullReport()[pri:0, instance:MyTestCase.DemoTest@366e2eef]" name="TestSucessfullReport" is-config="true" duration-ms="0" started-at="2018-07-09T13:08:45Z" finished-at="2018-07-09T13:08:45Z">
          <reporter-output>
          </reporter-output>
        </test-method> <!-- TestSucessfullReport -->
        <test-method status="SKIP" signature="Setup(java.lang.String)[pri:0, instance:MyTestCase.DemoTest@366e2eef]" name="Setup" is-config="true" duration-ms="0" started-at="2018-07-09T13:08:45Z" finished-at="2018-07-09T13:08:45Z">
          <reporter-output>
          </reporter-output>
        </test-method> <!-- Setup -->
        <test-method status="SKIP" signature="CheckProduce()[pri:10, instance:MyTestCase.DemoTest@366e2eef]" name="CheckProduce" duration-ms="0" started-at="2018-07-09T13:08:45Z" finished-at="2018-07-09T13:08:45Z">
          <reporter-output>
          </reporter-output>
        </test-method> <!-- CheckProduce -->
        <test-method status="SKIP" signature="TestSucessfullReport()[pri:0, instance:MyTestCase.DemoTest@366e2eef]" name="TestSucessfullReport" is-config="true" duration-ms="0" started-at="2018-07-09T13:08:45Z" finished-at="2018-07-09T13:08:45Z">
          <reporter-output>
          </reporter-output>
        </test-method> <!-- TestSucessfullReport -->
      </class> <!-- MyTestCase.DemoTest -->
    </test> <!-- Command line test -->
  </suite> <!-- Command line suite -->
</testng-results>
