<?xml version="1.0" encoding="UTF-8" ?>
<testsuite tests="57" failures="3" name="TestSuite" time="7.251" errors="0" skipped="54">
  <properties>
[...]
</properties>
  <testcase classname="MyTestCase.DemoTest" name="Setup" time="0.381">
    <failure message="
Parameter &apos;browser&apos; is required by @Configuration on method Setup but has not been marked @Optional or defined
" type="org.testng.TestNGException">org.testng.TestNGException: 
Parameter &apos;browser&apos; is required by @Configuration on method Setup but has not been marked @Optional or defined

	at org.testng.internal.Parameters.createParameters(Parameters.java:154)
	at org.testng.internal.Parameters.createParameters(Parameters.java:361)
	at org.testng.internal.Parameters.createConfigurationParameters(Parameters.java:84)
	at org.testng.internal.Invoker.invokeConfigurations(Invoker.java:201)
	at org.testng.internal.Invoker.invokeMethod(Invoker.java:589)
	at org.testng.internal.Invoker.invokeTestMethod(Invoker.java:820)
	at org.testng.internal.Invoker.invokeTestMethods(Invoker.java:1128)
	at org.testng.internal.TestMethodWorker.invokeTestMethods(TestMethodWorker.java:129)
	at org.testng.internal.TestMethodWorker.run(TestMethodWorker.java:112)
	at org.testng.TestRunner.privateRun(TestRunner.java:782)
	at org.testng.TestRunner.run(TestRunner.java:632)
	at org.testng.SuiteRunner.runTest(SuiteRunner.java:366)
	at org.testng.SuiteRunner.runSequentially(SuiteRunner.java:361)
	at org.testng.SuiteRunner.privateRun(SuiteRunner.java:319)
	at org.testng.SuiteRunner.run(SuiteRunner.java:268)
	at org.testng.SuiteRunnerWorker.runSuite(SuiteRunnerWorker.java:52)
	at org.testng.SuiteRunnerWorker.run(SuiteRunnerWorker.java:86)
	at org.testng.TestNG.runSuitesSequentially(TestNG.java:1244)
	at org.testng.TestNG.runSuitesLocally(TestNG.java:1169)
	at org.testng.TestNG.run(TestNG.java:1064)
	at org.apache.maven.surefire.testng.TestNGExecutor.run(TestNGExecutor.java:77)
	at org.apache.maven.surefire.testng.TestNGDirectoryTestSuite.executeMulti(TestNGDirectoryTestSuite.java:159)
	at org.apache.maven.surefire.testng.TestNGDirectoryTestSuite.execute(TestNGDirectoryTestSuite.java:99)
	at org.apache.maven.surefire.testng.TestNGProvider.invoke(TestNGProvider.java:106)
	at sun.reflect.NativeMethodAccessorImpl.invoke0(Native Method)
	at sun.reflect.NativeMethodAccessorImpl.invoke(Unknown Source)
	at sun.reflect.DelegatingMethodAccessorImpl.invoke(Unknown Source)
	at java.lang.reflect.Method.invoke(Unknown Source)
	at org.apache.maven.surefire.util.ReflectionUtils.invokeMethodWithArray(ReflectionUtils.java:189)
	at org.apache.maven.surefire.booter.ProviderFactory$ProviderProxy.invoke(ProviderFactory.java:165)
	at org.apache.maven.surefire.booter.ProviderFactory.invokeProvider(ProviderFactory.java:85)
	at org.apache.maven.surefire.booter.ForkedBooter.runSuitesInProcess(ForkedBooter.java:115)
	at org.apache.maven.surefire.booter.ForkedBooter.main(ForkedBooter.java:75)
</failure>
    <system-out>Configuring TestNG with: org.apache.maven.surefire.testng.conf.TestNG652Configurator@47089e5f
</system-out>
  </testcase>
  <testcase classname="MyTestCase.DemoTest" name="checkLogin" time="0.004">
    <skipped/>
  </testcase>
  <testcase classname="MyTestCase.DemoTest" name="TestSucessfullReport" time="0.004">
    <skipped/>
  </testcase>
  <testcase classname="MyTestCase.NewTest" name="checkLogin" time="2.262">
    <failure type="java.lang.NullPointerException">java.lang.NullPointerException
	at sun.reflect.NativeMethodAccessorImpl.invoke0(Native Method)
	at sun.reflect.NativeMethodAccessorImpl.invoke(Unknown Source)
	at sun.reflect.DelegatingMethodAccessorImpl.invoke(Unknown Source)
	at java.lang.reflect.Method.invoke(Unknown Source)
	at org.openqa.selenium.support.pagefactory.internal.LocatingElementHandler.invoke(LocatingElementHandler.java:51)
	at com.sun.proxy.$Proxy8.click(Unknown Source)
	at PageClass.Login_Test.UserLogin(Login_Test.java:53)
	at MyTestCase.NewTest.checkLogin(NewTest.java:101)
</failure>
    <system-err>Starting ChromeDriver 2.35.528161 (5b82f2d2aae0ca24b877009200ced9065a772e73) on port 7191
Only local connections are allowed.
[1531121925.728][SEVERE]: Unable to receive message from renderer
</system-err>
  </testcase>
  <testcase classname="MyTestCase.NewTest" name="TestSucessfullReport" time="2.263">
    <failure type="java.lang.NullPointerException">java.lang.NullPointerException
	at MyTestCase.NewTest.TestSucessfullReport(NewTest.java:196)
</failure>
  </testcase>
  <testcase classname="MyTestCase.DemoTest" name="Setup" time="2.269">
    <skipped/>
  </testcase>
  <testcase classname="MyTestCase.DemoTest" name="CheckPopUp" time="0">
    <skipped/>
  </testcase>
  <testcase classname="MyTestCase.DemoTest" name="TestSucessfullReport" time="0">
    <skipped/>
  </testcase>
  <testcase classname="MyTestCase.NewTest" name="Setup" time="0">
    <skipped/>
  </testcase>
  <testcase classname="MyTestCase.NewTest" name="CheckPopUp" time="0">
    <skipped/>
  </testcase>
  <testcase classname="MyTestCase.NewTest" name="TestSucessfullReport" time="0.008">
    <skipped/>
  </testcase>
  <testcase classname="MyTestCase.DemoTest" name="Setup" time="0.009">
    <skipped/>
  </testcase>
  <testcase classname="MyTestCase.DemoTest" name="CheckClaim" time="0">
    <skipped/>
  </testcase>
  <testcase classname="MyTestCase.DemoTest" name="TestSucessfullReport" time="0">
    <skipped/>
  </testcase>
  <testcase classname="MyTestCase.NewTest" name="Setup" time="0">
    <skipped/>
  </testcase>
  <testcase classname="MyTestCase.NewTest" name="CheckClaim" time="0">
    <skipped/>
  </testcase>
  <testcase classname="MyTestCase.NewTest" name="TestSucessfullReport" time="0">
    <skipped/>
  </testcase>
  <testcase classname="MyTestCase.DemoTest" name="Setup" time="0">
    <skipped/>
  </testcase>
  <testcase classname="MyTestCase.DemoTest" name="CheckRating" time="0">
    <skipped/>
  </testcase>
  <testcase classname="MyTestCase.DemoTest" name="TestSucessfullReport" time="0">
    <skipped/>
  </testcase>
  <testcase classname="MyTestCase.NewTest" name="Setup" time="0">
    <skipped/>
  </testcase>
  <testcase classname="MyTestCase.NewTest" name="CheckRating" time="0">
    <skipped/>
  </testcase>
  <testcase classname="MyTestCase.NewTest" name="TestSucessfullReport" time="0">
    <skipped/>
  </testcase>
  <testcase classname="MyTestCase.DemoTest" name="Setup" time="0.001">
    <skipped/>
  </testcase>
  <testcase classname="MyTestCase.DemoTest" name="CheckFinancialSnapshot" time="0">
    <skipped/>
  </testcase>
  <testcase classname="MyTestCase.DemoTest" name="TestSucessfullReport" time="0">
    <skipped/>
  </testcase>
  <testcase classname="MyTestCase.NewTest" name="Setup" time="0">
    <skipped/>
  </testcase>
  <testcase classname="MyTestCase.NewTest" name="CheckFinancialSnapshot" time="0.012">
    <skipped/>
  </testcase>
  <testcase classname="MyTestCase.NewTest" name="TestSucessfullReport" time="0.012">
    <skipped/>
  </testcase>
  <testcase classname="MyTestCase.DemoTest" name="Setup" time="0.012">
    <skipped/>
  </testcase>
  <testcase classname="MyTestCase.DemoTest" name="CheckAdvancedPopup" time="0">
    <skipped/>
  </testcase>
  <testcase classname="MyTestCase.DemoTest" name="TestSucessfullReport" time="0">
    <skipped/>
  </testcase>
  <testcase classname="MyTestCase.NewTest" name="Setup" time="0">
    <skipped/>
  </testcase>
  <testcase classname="MyTestCase.NewTest" name="CheckAdvancedPopup" time="0">
    <skipped/>
  </testcase>
  <testcase classname="MyTestCase.NewTest" name="TestSucessfullReport" time="0">
    <skipped/>
  </testcase>
  <testcase classname="MyTestCase.DemoTest" name="Setup" time="0">
    <skipped/>
  </testcase>
  <testcase classname="MyTestCase.DemoTest" name="CheckContact" time="0">
    <skipped/>
  </testcase>
  <testcase classname="MyTestCase.DemoTest" name="TestSucessfullReport" time="0">
    <skipped/>
  </testcase>
  <testcase classname="MyTestCase.NewTest" name="Setup" time="0">
    <skipped/>
  </testcase>
  <testcase classname="MyTestCase.NewTest" name="CheckContact" time="0">
    <skipped/>
  </testcase>
  <testcase classname="MyTestCase.NewTest" name="TestSucessfullReport" time="0">
    <skipped/>
  </testcase>
  <testcase classname="MyTestCase.DemoTest" name="Setup" time="0.006">
    <skipped/>
  </testcase>
  <testcase classname="MyTestCase.DemoTest" name="CheckSubmit" time="0">
    <skipped/>
  </testcase>
  <testcase classname="MyTestCase.DemoTest" name="TestSucessfullReport" time="0">
    <skipped/>
  </testcase>
  <testcase classname="MyTestCase.NewTest" name="Setup" time="0">
    <skipped/>
  </testcase>
  <testcase classname="MyTestCase.NewTest" name="CheckSubmit" time="0">
    <skipped/>
  </testcase>
  <testcase classname="MyTestCase.NewTest" name="TestSucessfullReport" time="0.004">
    <skipped/>
  </testcase>
  <testcase classname="MyTestCase.DemoTest" name="Setup" time="0.004">
    <skipped/>
  </testcase>
  <testcase classname="MyTestCase.DemoTest" name="CheckEndorse" time="0">
    <skipped/>
  </testcase>
  <testcase classname="MyTestCase.DemoTest" name="TestSucessfullReport" time="0">
    <skipped/>
  </testcase>
  <testcase classname="MyTestCase.NewTest" name="Setup" time="0">
    <skipped/>
  </testcase>
  <testcase classname="MyTestCase.NewTest" name="CheckEndorse" time="0">
    <skipped/>
  </testcase>
  <testcase classname="MyTestCase.NewTest" name="TestSucessfullReport" time="0">
    <skipped/>
  </testcase>
  <testcase classname="MyTestCase.NewTest" name="tearDown" time="0">
    <skipped/>
  </testcase>
  <testcase classname="MyTestCase.DemoTest" name="Setup" time="0">
    <skipped/>
  </testcase>
  <testcase classname="MyTestCase.DemoTest" name="CheckProduce" time="0">
    <skipped/>
  </testcase>
  <testcase classname="MyTestCase.DemoTest" name="TestSucessfullReport" time="0">
    <skipped/>
  </testcase>
</testsuite>