<?xml version="1.0" encoding="UTF-8"?>
<testsuite xmlns:xsi="http://www.w3.org/2001/XMLSchema-instance" xsi:noNamespaceSchemaLocation="https://maven.apache.org/surefire/maven-surefire-plugin/xsd/surefire-test-report.xsd" name="TestSuite" time="5.872" tests="27" errors="0" skipped="25" failures="2">
  <properties>
[...]
</properties>
  <testcase name="checkLogin" classname="MyTestCase.NewTest" time="0.031">
    <failure message="no such window: target window already closed&#10;from unknown error: web view not found&#10;  (Session info: chrome=67.0.3396.99)&#10;  (Driver info: chromedriver=2.35.528161 (5b82f2d2aae0ca24b877009200ced9065a772e73),platform=Windows NT 6.1.7601 SP1 x86_64) (WARNING: The server did not provide any stacktrace information)&#10;Command duration or timeout: 4 milliseconds&#10;Build info: version: &apos;2.50.1&apos;, revision: &apos;d7fc91b29de65b790abb01f3ac5f7ea2191c88a7&apos;, time: &apos;2016-01-29 11:11:26&apos;&#10;System info: host: &apos;VICKY-PC&apos;, ip: &apos;192.168.1.18&apos;, os.name: &apos;Windows 7&apos;, os.arch: &apos;amd64&apos;, os.version: &apos;6.1&apos;, java.version: &apos;1.8.0_131&apos;&#10;Driver info: org.openqa.selenium.chrome.ChromeDriver&#10;Capabilities [{applicationCacheEnabled=false, rotatable=false, mobileEmulationEnabled=false, networkConnectionEnabled=false, chrome={chromedriverVersion=2.35.528161 (5b82f2d2aae0ca24b877009200ced9065a772e73), userDataDir=C:\Users\VICKY\AppData\Local\Temp\scoped_dir6800_5785}, takesHeapSnapshot=true, pageLoadStrategy=normal, databaseEnabled=false, handlesAlerts=true, hasTouchScreen=false, version=67.0.3396.99, platform=XP, browserConnectionEnabled=false, nativeEvents=true, acceptSslCerts=false, acceptInsecureCerts=false, locationContextEnabled=true, webStorageEnabled=true, browserName=chrome, takesScreenshot=true, javascriptEnabled=true, cssSelectorsEnabled=true, setWindowRect=true, unexpectedAlertBehaviour=}]&#10;Session ID: d22bee1f2efcb1c433b85581ef8b603b&#10;*** Element info: {Using=xpath, value=//div[@id=&apos;popup-dialog-window&apos;]//span[@id=&apos;close-dialog&apos;]}" type="org.openqa.selenium.NoSuchWindowException">org.openqa.selenium.NoSuchWindowException: 
no such window: target window already closed
from unknown error: web view not found
  (Session info: chrome=67.0.3396.99)
  (Driver info: chromedriver=2.35.528161 (5b82f2d2aae0ca24b877009200ced9065a772e73),platform=Windows NT 6.1.7601 SP1 x86_64) (WARNING: The server did not provide any stacktrace information)
Command duration or timeout: 4 milliseconds
Build info: version: '2.50.1', revision: 'd7fc91b29de65b790abb01f3ac5f7ea2191c88a7', time: '2016-01-29 11:11:26'
System info: host: 'VICKY-PC', ip: '192.168.1.18', os.name: 'Windows 7', os.arch: 'amd64', os.version: '6.1', java.version: '1.8.0_131'
Driver info: org.openqa.selenium.chrome.ChromeDriver
Capabilities [{applicationCacheEnabled=false, rotatable=false, mobileEmulationEnabled=false, networkConnectionEnabled=false, chrome={chromedriverVersion=2.35.528161 (5b82f2d2aae0ca24b877009200ced9065a772e73), userDataDir=C:\Users\VICKY\AppData\Local\Temp\scoped_dir6800_5785}, takesHeapSnapshot=true, pageLoadStrategy=normal, databaseEnabled=false, handlesAlerts=true, hasTouchScreen=false, version=67.0.3396.99, platform=XP, browserConnectionEnabled=false, nativeEvents=true, acceptSslCerts=false, acceptInsecureCerts=false, locationContextEnabled=true, webStorageEnabled=true, browserName=chrome, takesScreenshot=true, javascriptEnabled=true, cssSelectorsEnabled=true, setWindowRect=true, unexpectedAlertBehaviour=}]
Session ID: d22bee1f2efcb1c433b85581ef8b603b
*** Element info: {Using=xpath, value=//div[@id='popup-dialog-window']//span[@id='close-dialog']}
	at MyTestCase.NewTest.checkLogin(NewTest.java:101)
</failure>
    <system-err><![CDATA[Starting ChromeDriver 2.35.528161 (5b82f2d2aae0ca24b877009200ced9065a772e73) on port 40423
Only local connections are allowed.
[1531121342.992][SEVERE]: Unable to receive message from renderer
]]></system-err>
  </testcase>
  <testcase name="TestSucessfullReport" classname="MyTestCase.NewTest" time="0.034">
    <failure type="java.lang.NullPointerException">java.lang.NullPointerException
	at MyTestCase.NewTest.TestSucessfullReport(NewTest.java:196)
</failure>
  </testcase>
  <testcase name="TestSucessfullReport" classname="MyTestCase.NewTest" time="0">
    <skipped/>
  </testcase>
  <testcase name="TestSucessfullReport" classname="MyTestCase.NewTest" time="0">
    <skipped/>
  </testcase>
  <testcase name="TestSucessfullReport" classname="MyTestCase.NewTest" time="0">
    <skipped/>
  </testcase>
  <testcase name="TestSucessfullReport" classname="MyTestCase.NewTest" time="0">
    <skipped/>
  </testcase>
  <testcase name="TestSucessfullReport" classname="MyTestCase.NewTest" time="0">
    <skipped/>
  </testcase>
  <testcase name="TestSucessfullReport" classname="MyTestCase.NewTest" time="0">
    <skipped/>
  </testcase>
  <testcase name="TestSucessfullReport" classname="MyTestCase.NewTest" time="0">
    <skipped/>
  </testcase>
  <testcase name="TestSucessfullReport" classname="MyTestCase.NewTest" time="0">
    <skipped/>
  </testcase>
  <testcase name="Setup" classname="MyTestCase.NewTest" time="0">
    <skipped/>
  </testcase>
  <testcase name="Setup" classname="MyTestCase.NewTest" time="0">
    <skipped/>
  </testcase>
  <testcase name="Setup" classname="MyTestCase.NewTest" time="0">
    <skipped/>
  </testcase>
  <testcase name="Setup" classname="MyTestCase.NewTest" time="0">
    <skipped/>
  </testcase>
  <testcase name="Setup" classname="MyTestCase.NewTest" time="0">
    <skipped/>
  </testcase>
  <testcase name="Setup" classname="MyTestCase.NewTest" time="0">
    <skipped/>
  </testcase>
  <testcase name="Setup" classname="MyTestCase.NewTest" time="0">
    <skipped/>
  </testcase>
  <testcase name="Setup" classname="MyTestCase.NewTest" time="0">
    <skipped/>
  </testcase>
  <testcase name="CheckPopUp" classname="MyTestCase.NewTest" time="0">
    <skipped/>
  </testcase>
  <testcase name="CheckClaim" classname="MyTestCase.NewTest" time="0">
    <skipped/>
  </testcase>
  <testcase name="CheckRating" classname="MyTestCase.NewTest" time="0">
    <skipped/>
  </testcase>
  <testcase name="CheckFinancialSnapshot" classname="MyTestCase.NewTest" time="0">
    <skipped/>
  </testcase>
  <testcase name="CheckAdvancedPopup" classname="MyTestCase.NewTest" time="0">
    <skipped/>
  </testcase>
  <testcase name="CheckContact" classname="MyTestCase.NewTest" time="0">
    <skipped/>
  </testcase>
  <testcase name="CheckSubmit" classname="MyTestCase.NewTest" time="0">
    <skipped/>
  </testcase>
  <testcase name="CheckEndorse" classname="MyTestCase.NewTest" time="0">
    <skipped/>
  </testcase>
  <testcase name="tearDown" classname="MyTestCase.NewTest" time="0">
    <skipped/>
  </testcase>
</testsuite>