<?xml version="1.0" encoding="UTF-8"?>
<testng-results skipped="8" failed="0" total="9" passed="1">
  <reporter-output>
  </reporter-output>
  <suite name="Suite" duration-ms="20476" started-at="2018-07-09T10:08:44Z" finished-at="2018-07-09T10:09:04Z">
    <groups>
    </groups>
    <test name="Test" duration-ms="20476" started-at="2018-07-09T10:08:44Z" finished-at="2018-07-09T10:09:04Z">
      <class name="MyTestCase.NewTest">
        <test-method status="PASS" signature="setUpClass()[pri:0, instance:MyTestCase.NewTest@174d20a]" name="setUpClass" is-config="true" duration-ms="245" started-at="2018-07-09T15:38:44Z" finished-at="2018-07-09T15:38:44Z">
          <reporter-output>
          </reporter-output>
        </test-method> <!-- setUpClass -->
        <test-method status="PASS" signature="Setup()[pri:0, instance:MyTestCase.NewTest@174d20a]" name="Setup" is-config="true" duration-ms="6305" started-at="2018-07-09T15:38:44Z" finished-at="2018-07-09T15:38:50Z">
          <reporter-output>
          </reporter-output>
        </test-method> <!-- Setup -->
        <test-method status="PASS" signature="checkLogin()[pri:1, instance:MyTestCase.NewTest@174d20a]" name="checkLogin" duration-ms="13195" started-at="2018-07-09T15:38:50Z" finished-at="2018-07-09T15:39:03Z">
          <reporter-output>
          </reporter-output>
        </test-method> <!-- checkLogin -->
        <test-method status="FAIL" signature="TestSucessfullReport(org.testng.ITestResult)[pri:0, instance:MyTestCase.NewTest@174d20a]" name="TestSucessfullReport" is-config="true" duration-ms="0" started-at="2018-07-09T15:39:03Z" finished-at="2018-07-09T15:39:03Z">
          <params>
            <param index="0">
              <value>
                <![CDATA[[TestResult name=checkLogin status=SUCCESS method=NewTest.checkLogin()[pri:1, instance:MyTestCase.NewTest@174d20a] output={null}]]]>
              </value>
            </param>
          </params>
          <exception class="org.openqa.selenium.remote.UnreachableBrowserException">
            <message>
              <![CDATA[Error communicating with the remote browser. It may have died.
Build info: version: '2.50.1', revision: 'd7fc91b29de65b790abb01f3ac5f7ea2191c88a7', time: '2016-01-29 11:11:26'
System info: host: 'VICKY-PC', ip: '192.168.1.18', os.name: 'Windows 7', os.arch: 'amd64', os.version: '6.1', java.version: '1.8.0_131'
Driver info: driver.version: RemoteWebDriver
Capabilities [{applicationCacheEnabled=false, rotatable=false, mobileEmulationEnabled=false, networkConnectionEnabled=false, chrome={chromedriverVersion=2.35.528161 (5b82f2d2aae0ca24b877009200ced9065a772e73), userDataDir=C:\Users\VICKY\AppData\Local\Temp\scoped_dir10332_21784}, takesHeapSnapshot=true, pageLoadStrategy=normal, databaseEnabled=false, handlesAlerts=true, hasTouchScreen=false, version=67.0.3396.99, platform=XP, browserConnectionEnabled=false, nativeEvents=true, acceptSslCerts=false, acceptInsecureCerts=false, locationContextEnabled=true, webStorageEnabled=true, browserName=chrome, takesScreenshot=true, javascriptEnabled=true, cssSelectorsEnabled=true, setWindowRect=true, unexpectedAlertBehaviour=}]
Session ID: b5243a0b9a4ce057986bc846e648939e]]>
            </message>
            <full-stacktrace>
              <![CDATA[org.openqa.selenium.remote.UnreachableBrowserException: Error communicating with the remote browser. It may have died.
Build info: version: '2.50.1', revision: 'd7fc91b29de65b790abb01f3ac5f7ea2191c88a7', time: '2016-01-29 11:11:26'
System info: host: 'VICKY-PC', ip: '192.168.1.18', os.name: 'Windows 7', os.arch: 'amd64', os.version: '6.1', java.version: '1.8.0_131'
Driver info: driver.version: RemoteWebDriver
Capabilities [{applicationCacheEnabled=false, rotatable=false, mobileEmulationEnabled=false, networkConnectionEnabled=false, chrome={chromedriverVersion=2.35.528161 (5b82f2d2aae0ca24b877009200ced9065a772e73), userDataDir=C:\Users\VICKY\AppData\Local\Temp\scoped_dir10332_21784}, takesHeapSnapshot=true, pageLoadStrategy=normal, databaseEnabled=false, handlesAlerts=true, hasTouchScreen=false, version=67.0.3396.99, platform=XP, browserConnectionEnabled=false, nativeEvents=true, acceptSslCerts=false, acceptInsecureCerts=false, locationContextEnabled=true, webStorageEnabled=true, browserName=chrome, takesScreenshot=true, javascriptEnabled=true, cssSelectorsEnabled=true, setWindowRect=true, unexpectedAlertBehaviour=}]
Session ID: b5243a0b9a4ce057986bc846e648939e
	at org.openqa.selenium.remote.RemoteWebDriver.execute(RemoteWebDriver.java:665)
	at org.openqa.selenium.remote.RemoteWebDriver.execute(RemoteWebDriver.java:701)
	at org.openqa.selenium.remote.RemoteWebDriver.quit(RemoteWebDriver.java:526)
	at MyTestCase.NewTest.TestSucessfullReport(NewTest.java:201)
	at sun.reflect.NativeMethodAccessorImpl.invoke0(Native Method)
	at sun.reflect.NativeMethodAccessorImpl.invoke(NativeMethodAccessorImpl.java:62)
	at sun.reflect.DelegatingMethodAccessorImpl.invoke(DelegatingMethodAccessorImpl.java:43)
	at java.lang.reflect.Method.invoke(Method.java:498)
	at org.testng.internal.MethodInvocationHelper.invokeMethod(MethodInvocationHelper.java:86)
	at org.testng.internal.Invoker.invokeConfigurationMethod(Invoker.java:514)
	at org.testng.internal.Invoker.invokeConfigurations(Invoker.java:215)
	at org.testng.internal.Invoker.invokeMethod(Invoker.java:707)
	at org.testng.internal.Invoker.invokeTestMethod(Invoker.java:820)
	at org.testng.internal.Invoker.invokeTestMethods(Invoker.java:1128)
	at org.testng.internal.TestMethodWorker.invokeTestMethods(TestMethodWorker.java:129)
	at org.testng.internal.TestMethodWorker.run(TestMethodWorker.java:112)
	at org.testng.TestRunner.privateRun(TestRunner.java:782)
	at org.testng.TestRunner.run(TestRunner.java:632)
	at org.testng.SuiteRunner.runTest(SuiteRunner.java:366)
	at org.testng.SuiteRunner.runSequentially(SuiteRunner.java:361)
	at org.testng.SuiteRunner.privateRun(SuiteRunner.java:319)
	at org.testng.SuiteRunner.run(SuiteRunner.java:268)
	at org.testng.SuiteRunnerWorker.runSuite(SuiteRunnerWorker.java:52)
	at org.testng.SuiteRunnerWorker.run(SuiteRunnerWorker.java:86)
	at org.testng.TestNG.runSuitesSequentially(TestNG.java:1244)
	at org.testng.TestNG.runSuitesLocally(TestNG.java:1169)
	at org.testng.TestNG.run(TestNG.java:1064)
	at org.apache.maven.surefire.testng.TestNGExecutor.run(TestNGExecutor.java:283)
	at org.apache.maven.surefire.testng.TestNGXmlTestSuite.execute(TestNGXmlTestSuite.java:75)
	at org.apache.maven.surefire.testng.TestNGProvider.invoke(TestNGProvider.java:120)
	at org.apache.maven.surefire.booter.ForkedBooter.invokeProviderInSameClassLoader(ForkedBooter.java:386)
	at org.apache.maven.surefire.booter.ForkedBooter.runSuitesInProcess(ForkedBooter.java:323)
	at org.apache.maven.surefire.booter.ForkedBooter.main(ForkedBooter.java:143)
Caused by: java.lang.RuntimeException: Process refused to die after 10 seconds, and couldn't taskkill it: Unable to find executable for: taskkill
	at org.openqa.selenium.os.ProcessUtils.killWinProcess(ProcessUtils.java:143)
	at org.openqa.selenium.os.ProcessUtils.killProcess(ProcessUtils.java:81)
	at org.openqa.selenium.os.UnixProcess$SeleniumWatchDog.destroyHarder(UnixProcess.java:247)
	at org.openqa.selenium.os.UnixProcess$SeleniumWatchDog.access$200(UnixProcess.java:201)
	at org.openqa.selenium.os.UnixProcess.destroy(UnixProcess.java:125)
	at org.openqa.selenium.os.CommandLine.destroy(CommandLine.java:155)
	at org.openqa.selenium.remote.service.DriverService.stop(DriverService.java:196)
	at org.openqa.selenium.remote.service.DriverCommandExecutor.execute(DriverCommandExecutor.java:94)
	at org.openqa.selenium.remote.RemoteWebDriver.execute(RemoteWebDriver.java:644)
	... 32 more
Caused by: java.lang.NullPointerException: Unable to find executable for: taskkill
	at com.google.common.base.Preconditions.checkNotNull(Preconditions.java:251)
	at org.openqa.selenium.os.UnixProcess.<init>(UnixProcess.java:62)
	at org.openqa.selenium.os.CommandLine.<init>(CommandLine.java:38)
	at org.openqa.selenium.os.WindowsUtils.killPID(WindowsUtils.java:178)
	at org.openqa.selenium.os.ProcessUtils.killWinProcess(ProcessUtils.java:138)
	... 40 more
]]>
            </full-stacktrace>
          </exception> <!-- org.openqa.selenium.remote.UnreachableBrowserException -->
          <reporter-output>
          </reporter-output>
        </test-method> <!-- TestSucessfullReport -->
        <test-method status="SKIP" signature="Setup()[pri:0, instance:MyTestCase.NewTest@174d20a]" name="Setup" is-config="true" duration-ms="0" started-at="2018-07-09T15:39:04Z" finished-at="2018-07-09T15:39:04Z">
          <reporter-output>
          </reporter-output>
        </test-method> <!-- Setup -->
        <test-method status="SKIP" signature="CheckPopUp()[pri:2, instance:MyTestCase.NewTest@174d20a]" name="CheckPopUp" duration-ms="1" started-at="2018-07-09T15:39:04Z" finished-at="2018-07-09T15:39:04Z">
          <reporter-output>
          </reporter-output>
        </test-method> <!-- CheckPopUp -->
        <test-method status="SKIP" signature="TestSucessfullReport(org.testng.ITestResult)[pri:0, instance:MyTestCase.NewTest@174d20a]" name="TestSucessfullReport" is-config="true" duration-ms="0" started-at="2018-07-09T15:39:04Z" finished-at="2018-07-09T15:39:04Z">
          <reporter-output>
          </reporter-output>
        </test-method> <!-- TestSucessfullReport -->
        <test-method status="SKIP" signature="Setup()[pri:0, instance:MyTestCase.NewTest@174d20a]" name="Setup" is-config="true" duration-ms="0" started-at="2018-07-09T15:39:04Z" finished-at="2018-07-09T15:39:04Z">
          <reporter-output>
          </reporter-output>
        </test-method> <!-- Setup -->
        <test-method status="SKIP" signature="CheckClaim()[pri:3, instance:MyTestCase.NewTest@174d20a]" name="CheckClaim" duration-ms="1" started-at="2018-07-09T15:39:04Z" finished-at="2018-07-09T15:39:04Z">
          <reporter-output>
          </reporter-output>
        </test-method> <!-- CheckClaim -->
        <test-method status="SKIP" signature="TestSucessfullReport(org.testng.ITestResult)[pri:0, instance:MyTestCase.NewTest@174d20a]" name="TestSucessfullReport" is-config="true" duration-ms="0" started-at="2018-07-09T15:39:04Z" finished-at="2018-07-09T15:39:04Z">
          <reporter-output>
          </reporter-output>
        </test-method> <!-- TestSucessfullReport -->
        <test-method status="SKIP" signature="Setup()[pri:0, instance:MyTestCase.NewTest@174d20a]" name="Setup" is-config="true" duration-ms="0" started-at="2018-07-09T15:39:04Z" finished-at="2018-07-09T15:39:04Z">
          <reporter-output>
          </reporter-output>
        </test-method> <!-- Setup -->
        <test-method status="SKIP" signature="CheckRating()[pri:4, instance:MyTestCase.NewTest@174d20a]" name="CheckRating" duration-ms="1" started-at="2018-07-09T15:39:04Z" finished-at="2018-07-09T15:39:04Z">
          <reporter-output>
          </reporter-output>
        </test-method> <!-- CheckRating -->
        <test-method status="SKIP" signature="TestSucessfullReport(org.testng.ITestResult)[pri:0, instance:MyTestCase.NewTest@174d20a]" name="TestSucessfullReport" is-config="true" duration-ms="0" started-at="2018-07-09T15:39:04Z" finished-at="2018-07-09T15:39:04Z">
          <reporter-output>
          </reporter-output>
        </test-method> <!-- TestSucessfullReport -->
        <test-method status="SKIP" signature="Setup()[pri:0, instance:MyTestCase.NewTest@174d20a]" name="Setup" is-config="true" duration-ms="0" started-at="2018-07-09T15:39:04Z" finished-at="2018-07-09T15:39:04Z">
          <reporter-output>
          </reporter-output>
        </test-method> <!-- Setup -->
        <test-method status="SKIP" signature="CheckFinancialSnapshot()[pri:5, instance:MyTestCase.NewTest@174d20a]" name="CheckFinancialSnapshot" duration-ms="0" started-at="2018-07-09T15:39:04Z" finished-at="2018-07-09T15:39:04Z">
          <reporter-output>
          </reporter-output>
        </test-method> <!-- CheckFinancialSnapshot -->
        <test-method status="SKIP" signature="TestSucessfullReport(org.testng.ITestResult)[pri:0, instance:MyTestCase.NewTest@174d20a]" name="TestSucessfullReport" is-config="true" duration-ms="0" started-at="2018-07-09T15:39:04Z" finished-at="2018-07-09T15:39:04Z">
          <reporter-output>
          </reporter-output>
        </test-method> <!-- TestSucessfullReport -->
        <test-method status="SKIP" signature="Setup()[pri:0, instance:MyTestCase.NewTest@174d20a]" name="Setup" is-config="true" duration-ms="0" started-at="2018-07-09T15:39:04Z" finished-at="2018-07-09T15:39:04Z">
          <reporter-output>
          </reporter-output>
        </test-method> <!-- Setup -->
        <test-method status="SKIP" signature="CheckAdvancedPopup()[pri:6, instance:MyTestCase.NewTest@174d20a]" name="CheckAdvancedPopup" duration-ms="1" started-at="2018-07-09T15:39:04Z" finished-at="2018-07-09T15:39:04Z">
          <reporter-output>
          </reporter-output>
        </test-method> <!-- CheckAdvancedPopup -->
        <test-method status="SKIP" signature="TestSucessfullReport(org.testng.ITestResult)[pri:0, instance:MyTestCase.NewTest@174d20a]" name="TestSucessfullReport" is-config="true" duration-ms="0" started-at="2018-07-09T15:39:04Z" finished-at="2018-07-09T15:39:04Z">
          <reporter-output>
          </reporter-output>
        </test-method> <!-- TestSucessfullReport -->
        <test-method status="SKIP" signature="Setup()[pri:0, instance:MyTestCase.NewTest@174d20a]" name="Setup" is-config="true" duration-ms="0" started-at="2018-07-09T15:39:04Z" finished-at="2018-07-09T15:39:04Z">
          <reporter-output>
          </reporter-output>
        </test-method> <!-- Setup -->
        <test-method status="SKIP" signature="CheckContact()[pri:7, instance:MyTestCase.NewTest@174d20a]" name="CheckContact" duration-ms="1" started-at="2018-07-09T15:39:04Z" finished-at="2018-07-09T15:39:04Z">
          <reporter-output>
          </reporter-output>
        </test-method> <!-- CheckContact -->
        <test-method status="SKIP" signature="TestSucessfullReport(org.testng.ITestResult)[pri:0, instance:MyTestCase.NewTest@174d20a]" name="TestSucessfullReport" is-config="true" duration-ms="0" started-at="2018-07-09T15:39:04Z" finished-at="2018-07-09T15:39:04Z">
          <reporter-output>
          </reporter-output>
        </test-method> <!-- TestSucessfullReport -->
        <test-method status="SKIP" signature="Setup()[pri:0, instance:MyTestCase.NewTest@174d20a]" name="Setup" is-config="true" duration-ms="0" started-at="2018-07-09T15:39:04Z" finished-at="2018-07-09T15:39:04Z">
          <reporter-output>
          </reporter-output>
        </test-method> <!-- Setup -->
        <test-method status="SKIP" signature="CheckSubmit()[pri:8, instance:MyTestCase.NewTest@174d20a]" name="CheckSubmit" duration-ms="0" started-at="2018-07-09T15:39:04Z" finished-at="2018-07-09T15:39:04Z">
          <reporter-output>
          </reporter-output>
        </test-method> <!-- CheckSubmit -->
        <test-method status="SKIP" signature="TestSucessfullReport(org.testng.ITestResult)[pri:0, instance:MyTestCase.NewTest@174d20a]" name="TestSucessfullReport" is-config="true" duration-ms="0" started-at="2018-07-09T15:39:04Z" finished-at="2018-07-09T15:39:04Z">
          <reporter-output>
          </reporter-output>
        </test-method> <!-- TestSucessfullReport -->
        <test-method status="SKIP" signature="Setup()[pri:0, instance:MyTestCase.NewTest@174d20a]" name="Setup" is-config="true" duration-ms="0" started-at="2018-07-09T15:39:04Z" finished-at="2018-07-09T15:39:04Z">
          <reporter-output>
          </reporter-output>
        </test-method> <!-- Setup -->
        <test-method status="SKIP" signature="CheckEndorse()[pri:9, instance:MyTestCase.NewTest@174d20a]" name="CheckEndorse" duration-ms="1" started-at="2018-07-09T15:39:04Z" finished-at="2018-07-09T15:39:04Z">
          <reporter-output>
          </reporter-output>
        </test-method> <!-- CheckEndorse -->
        <test-method status="SKIP" signature="TestSucessfullReport(org.testng.ITestResult)[pri:0, instance:MyTestCase.NewTest@174d20a]" name="TestSucessfullReport" is-config="true" duration-ms="0" started-at="2018-07-09T15:39:04Z" finished-at="2018-07-09T15:39:04Z">
          <reporter-output>
          </reporter-output>
        </test-method> <!-- TestSucessfullReport -->
        <test-method status="SKIP" signature="tearDown()[pri:0, instance:MyTestCase.NewTest@174d20a]" name="tearDown" is-config="true" duration-ms="0" started-at="2018-07-09T15:39:04Z" finished-at="2018-07-09T15:39:04Z">
          <reporter-output>
          </reporter-output>
        </test-method> <!-- tearDown -->
      </class> <!-- MyTestCase.NewTest -->
    </test> <!-- Test -->
  </suite> <!-- Suite -->
</testng-results>
