<?xml version="1.0" encoding="UTF-8"?>
<testng-results skipped="9" failed="0" total="9" passed="0">
  <reporter-output>
  </reporter-output>
  <suite name="Default suite" duration-ms="96" started-at="2018-07-06T07:52:20Z" finished-at="2018-07-06T07:52:20Z">
    <groups>
    </groups>
    <test name="Default test" duration-ms="96" started-at="2018-07-06T07:52:20Z" finished-at="2018-07-06T07:52:20Z">
      <class name="MyTestCase.NewTest">
        <test-method status="FAIL" signature="Setup(java.lang.String)[pri:0, instance:MyTestCase.NewTest@57baeedf]" name="Setup" is-config="true" duration-ms="0" started-at="2018-07-06T13:22:20Z" finished-at="2018-07-06T13:22:20Z">
          <exception class="org.testng.TestNGException">
            <message>
              <![CDATA[
Parameter 'browser' is required by @Configuration on method Setup but has not been marked @Optional or defined
in C:\Users\VICKY\AppData\Local\Temp\testng-eclipse-1665903008\testng-customsuite.xml]]>
            </message>
            <full-stacktrace>
              <![CDATA[org.testng.TestNGException: 
Parameter 'browser' is required by @Configuration on method Setup but has not been marked @Optional or defined
in C:\Users\VICKY\AppData\Local\Temp\testng-eclipse-1665903008\testng-customsuite.xml
	at org.testng.internal.Parameters.createParameters(Parameters.java:154)
	at org.testng.internal.Parameters.createParameters(Parameters.java:361)
	at org.testng.internal.Parameters.createConfigurationParameters(Parameters.java:84)
	at org.testng.internal.Invoker.invokeConfigurations(Invoker.java:201)
	at org.testng.internal.Invoker.invokeMethod(Invoker.java:589)
	at org.testng.internal.Invoker.invokeTestMethod(Invoker.java:820)
	at org.testng.internal.Invoker.invokeTestMethods(Invoker.java:1128)
	at org.testng.internal.TestMethodWorker.invokeTestMethods(TestMethodWorker.java:129)
	at org.testng.internal.TestMethodWorker.run(TestMethodWorker.java:112)
	at org.testng.TestRunner.privateRun(TestRunner.java:782)
	at org.testng.TestRunner.run(TestRunner.java:632)
	at org.testng.SuiteRunner.runTest(SuiteRunner.java:366)
	at org.testng.SuiteRunner.runSequentially(SuiteRunner.java:361)
	at org.testng.SuiteRunner.privateRun(SuiteRunner.java:319)
	at org.testng.SuiteRunner.run(SuiteRunner.java:268)
	at org.testng.SuiteRunnerWorker.runSuite(SuiteRunnerWorker.java:52)
	at org.testng.SuiteRunnerWorker.run(SuiteRunnerWorker.java:86)
	at org.testng.TestNG.runSuitesSequentially(TestNG.java:1244)
	at org.testng.TestNG.runSuitesLocally(TestNG.java:1169)
	at org.testng.TestNG.run(TestNG.java:1064)
	at org.testng.remote.AbstractRemoteTestNG.run(AbstractRemoteTestNG.java:114)
	at org.testng.remote.RemoteTestNG.initAndRun(RemoteTestNG.java:251)
	at org.testng.remote.RemoteTestNG.main(RemoteTestNG.java:77)
]]>
            </full-stacktrace>
          </exception> <!-- org.testng.TestNGException -->
          <reporter-output>
          </reporter-output>
        </test-method> <!-- Setup -->
        <test-method status="SKIP" signature="checkLogin()[pri:1, instance:MyTestCase.NewTest@57baeedf]" name="checkLogin" duration-ms="7" started-at="2018-07-06T13:22:20Z" finished-at="2018-07-06T13:22:20Z">
          <reporter-output>
          </reporter-output>
        </test-method> <!-- checkLogin -->
        <test-method status="SKIP" signature="TestSucessfullReport(org.testng.ITestResult)[pri:0, instance:MyTestCase.NewTest@57baeedf]" name="TestSucessfullReport" is-config="true" duration-ms="0" started-at="2018-07-06T13:22:20Z" finished-at="2018-07-06T13:22:20Z">
          <reporter-output>
          </reporter-output>
        </test-method> <!-- TestSucessfullReport -->
        <test-method status="SKIP" signature="Setup(java.lang.String)[pri:0, instance:MyTestCase.NewTest@57baeedf]" name="Setup" is-config="true" duration-ms="0" started-at="2018-07-06T13:22:20Z" finished-at="2018-07-06T13:22:20Z">
          <reporter-output>
          </reporter-output>
        </test-method> <!-- Setup -->
        <test-method status="SKIP" signature="CheckPopUp()[pri:2, instance:MyTestCase.NewTest@57baeedf]" name="CheckPopUp" duration-ms="2" started-at="2018-07-06T13:22:20Z" finished-at="2018-07-06T13:22:20Z">
          <reporter-output>
          </reporter-output>
        </test-method> <!-- CheckPopUp -->
        <test-method status="SKIP" signature="TestSucessfullReport(org.testng.ITestResult)[pri:0, instance:MyTestCase.NewTest@57baeedf]" name="TestSucessfullReport" is-config="true" duration-ms="0" started-at="2018-07-06T13:22:20Z" finished-at="2018-07-06T13:22:20Z">
          <reporter-output>
          </reporter-output>
        </test-method> <!-- TestSucessfullReport -->
        <test-method status="SKIP" signature="Setup(java.lang.String)[pri:0, instance:MyTestCase.NewTest@57baeedf]" name="Setup" is-config="true" duration-ms="0" started-at="2018-07-06T13:22:20Z" finished-at="2018-07-06T13:22:20Z">
          <reporter-output>
          </reporter-output>
        </test-method> <!-- Setup -->
        <test-method status="SKIP" signature="CheckClaim()[pri:3, instance:MyTestCase.NewTest@57baeedf]" name="CheckClaim" duration-ms="2" started-at="2018-07-06T13:22:20Z" finished-at="2018-07-06T13:22:20Z">
          <reporter-output>
          </reporter-output>
        </test-method> <!-- CheckClaim -->
        <test-method status="SKIP" signature="TestSucessfullReport(org.testng.ITestResult)[pri:0, instance:MyTestCase.NewTest@57baeedf]" name="TestSucessfullReport" is-config="true" duration-ms="0" started-at="2018-07-06T13:22:20Z" finished-at="2018-07-06T13:22:20Z">
          <reporter-output>
          </reporter-output>
        </test-method> <!-- TestSucessfullReport -->
        <test-method status="SKIP" signature="Setup(java.lang.String)[pri:0, instance:MyTestCase.NewTest@57baeedf]" name="Setup" is-config="true" duration-ms="0" started-at="2018-07-06T13:22:20Z" finished-at="2018-07-06T13:22:20Z">
          <reporter-output>
          </reporter-output>
        </test-method> <!-- Setup -->
        <test-method status="SKIP" signature="CheckRating()[pri:4, instance:MyTestCase.NewTest@57baeedf]" name="CheckRating" duration-ms="1" started-at="2018-07-06T13:22:20Z" finished-at="2018-07-06T13:22:20Z">
          <reporter-output>
          </reporter-output>
        </test-method> <!-- CheckRating -->
        <test-method status="SKIP" signature="TestSucessfullReport(org.testng.ITestResult)[pri:0, instance:MyTestCase.NewTest@57baeedf]" name="TestSucessfullReport" is-config="true" duration-ms="0" started-at="2018-07-06T13:22:20Z" finished-at="2018-07-06T13:22:20Z">
          <reporter-output>
          </reporter-output>
        </test-method> <!-- TestSucessfullReport -->
        <test-method status="SKIP" signature="Setup(java.lang.String)[pri:0, instance:MyTestCase.NewTest@57baeedf]" name="Setup" is-config="true" duration-ms="0" started-at="2018-07-06T13:22:20Z" finished-at="2018-07-06T13:22:20Z">
          <reporter-output>
          </reporter-output>
        </test-method> <!-- Setup -->
        <test-method status="SKIP" signature="CheckFinancialSnapshot()[pri:5, instance:MyTestCase.NewTest@57baeedf]" name="CheckFinancialSnapshot" duration-ms="4" started-at="2018-07-06T13:22:20Z" finished-at="2018-07-06T13:22:20Z">
          <reporter-output>
          </reporter-output>
        </test-method> <!-- CheckFinancialSnapshot -->
        <test-method status="SKIP" signature="TestSucessfullReport(org.testng.ITestResult)[pri:0, instance:MyTestCase.NewTest@57baeedf]" name="TestSucessfullReport" is-config="true" duration-ms="0" started-at="2018-07-06T13:22:20Z" finished-at="2018-07-06T13:22:20Z">
          <reporter-output>
          </reporter-output>
        </test-method> <!-- TestSucessfullReport -->
        <test-method status="SKIP" signature="Setup(java.lang.String)[pri:0, instance:MyTestCase.NewTest@57baeedf]" name="Setup" is-config="true" duration-ms="0" started-at="2018-07-06T13:22:20Z" finished-at="2018-07-06T13:22:20Z">
          <reporter-output>
          </reporter-output>
        </test-method> <!-- Setup -->
        <test-method status="SKIP" signature="CheckAdvancedPopup()[pri:6, instance:MyTestCase.NewTest@57baeedf]" name="CheckAdvancedPopup" duration-ms="1" started-at="2018-07-06T13:22:20Z" finished-at="2018-07-06T13:22:20Z">
          <reporter-output>
          </reporter-output>
        </test-method> <!-- CheckAdvancedPopup -->
        <test-method status="SKIP" signature="TestSucessfullReport(org.testng.ITestResult)[pri:0, instance:MyTestCase.NewTest@57baeedf]" name="TestSucessfullReport" is-config="true" duration-ms="0" started-at="2018-07-06T13:22:20Z" finished-at="2018-07-06T13:22:20Z">
          <reporter-output>
          </reporter-output>
        </test-method> <!-- TestSucessfullReport -->
        <test-method status="SKIP" signature="Setup(java.lang.String)[pri:0, instance:MyTestCase.NewTest@57baeedf]" name="Setup" is-config="true" duration-ms="0" started-at="2018-07-06T13:22:20Z" finished-at="2018-07-06T13:22:20Z">
          <reporter-output>
          </reporter-output>
        </test-method> <!-- Setup -->
        <test-method status="SKIP" signature="CheckContact()[pri:7, instance:MyTestCase.NewTest@57baeedf]" name="CheckContact" duration-ms="1" started-at="2018-07-06T13:22:20Z" finished-at="2018-07-06T13:22:20Z">
          <reporter-output>
          </reporter-output>
        </test-method> <!-- CheckContact -->
        <test-method status="SKIP" signature="TestSucessfullReport(org.testng.ITestResult)[pri:0, instance:MyTestCase.NewTest@57baeedf]" name="TestSucessfullReport" is-config="true" duration-ms="0" started-at="2018-07-06T13:22:20Z" finished-at="2018-07-06T13:22:20Z">
          <reporter-output>
          </reporter-output>
        </test-method> <!-- TestSucessfullReport -->
        <test-method status="SKIP" signature="Setup(java.lang.String)[pri:0, instance:MyTestCase.NewTest@57baeedf]" name="Setup" is-config="true" duration-ms="0" started-at="2018-07-06T13:22:20Z" finished-at="2018-07-06T13:22:20Z">
          <reporter-output>
          </reporter-output>
        </test-method> <!-- Setup -->
        <test-method status="SKIP" signature="CheckSubmit()[pri:8, instance:MyTestCase.NewTest@57baeedf]" name="CheckSubmit" duration-ms="1" started-at="2018-07-06T13:22:20Z" finished-at="2018-07-06T13:22:20Z">
          <reporter-output>
          </reporter-output>
        </test-method> <!-- CheckSubmit -->
        <test-method status="SKIP" signature="TestSucessfullReport(org.testng.ITestResult)[pri:0, instance:MyTestCase.NewTest@57baeedf]" name="TestSucessfullReport" is-config="true" duration-ms="0" started-at="2018-07-06T13:22:20Z" finished-at="2018-07-06T13:22:20Z">
          <reporter-output>
          </reporter-output>
        </test-method> <!-- TestSucessfullReport -->
        <test-method status="SKIP" signature="Setup(java.lang.String)[pri:0, instance:MyTestCase.NewTest@57baeedf]" name="Setup" is-config="true" duration-ms="0" started-at="2018-07-06T13:22:20Z" finished-at="2018-07-06T13:22:20Z">
          <reporter-output>
          </reporter-output>
        </test-method> <!-- Setup -->
        <test-method status="SKIP" signature="CheckEndorse()[pri:9, instance:MyTestCase.NewTest@57baeedf]" name="CheckEndorse" duration-ms="1" started-at="2018-07-06T13:22:20Z" finished-at="2018-07-06T13:22:20Z">
          <reporter-output>
          </reporter-output>
        </test-method> <!-- CheckEndorse -->
        <test-method status="SKIP" signature="TestSucessfullReport(org.testng.ITestResult)[pri:0, instance:MyTestCase.NewTest@57baeedf]" name="TestSucessfullReport" is-config="true" duration-ms="0" started-at="2018-07-06T13:22:20Z" finished-at="2018-07-06T13:22:20Z">
          <reporter-output>
          </reporter-output>
        </test-method> <!-- TestSucessfullReport -->
        <test-method status="SKIP" signature="tearDown()[pri:0, instance:MyTestCase.NewTest@57baeedf]" name="tearDown" is-config="true" duration-ms="0" started-at="2018-07-06T13:22:20Z" finished-at="2018-07-06T13:22:20Z">
          <reporter-output>
          </reporter-output>
        </test-method> <!-- tearDown -->
      </class> <!-- MyTestCase.NewTest -->
    </test> <!-- Default test -->
  </suite> <!-- Default suite -->
</testng-results>
