<?xml version="1.0" encoding="UTF-8"?>
<testng-results skipped="16" failed="0" total="16" passed="0">
  <reporter-output>
  </reporter-output>
  <suite name="Suite" duration-ms="539" started-at="2018-06-26T07:41:36Z" finished-at="2018-06-26T07:41:36Z">
    <groups>
    </groups>
    <test name="IETest" duration-ms="469" started-at="2018-06-26T07:41:36Z" finished-at="2018-06-26T07:41:36Z">
      <class name="MyTestCase.NewTest">
        <test-method status="PASS" signature="setUpClass()[pri:0, instance:MyTestCase.NewTest@4f7d0008]" name="setUpClass" is-config="true" duration-ms="258" started-at="2018-06-26T13:11:36Z" finished-at="2018-06-26T13:11:36Z">
          <reporter-output>
          </reporter-output>
        </test-method> <!-- setUpClass -->
        <test-method status="FAIL" signature="Setup()[pri:0, instance:MyTestCase.NewTest@4f7d0008]" name="Setup" is-config="true" duration-ms="0" started-at="2018-06-26T13:11:36Z" finished-at="2018-06-26T13:11:36Z">
          <exception class="java.lang.NullPointerException">
            <full-stacktrace>
              <![CDATA[java.lang.NullPointerException
	at BaseClass.Red_InvokeBrowser.openBrowser(Red_InvokeBrowser.java:19)
	at MyTestCase.NewTest.Setup(NewTest.java:92)
	at sun.reflect.NativeMethodAccessorImpl.invoke0(Native Method)
	at sun.reflect.NativeMethodAccessorImpl.invoke(Unknown Source)
	at sun.reflect.DelegatingMethodAccessorImpl.invoke(Unknown Source)
	at java.lang.reflect.Method.invoke(Unknown Source)
	at org.testng.internal.MethodInvocationHelper.invokeMethod(MethodInvocationHelper.java:86)
	at org.testng.internal.Invoker.invokeConfigurationMethod(Invoker.java:514)
	at org.testng.internal.Invoker.invokeConfigurations(Invoker.java:215)
	at org.testng.internal.Invoker.invokeMethod(Invoker.java:589)
	at org.testng.internal.Invoker.invokeTestMethod(Invoker.java:820)
	at org.testng.internal.Invoker.invokeTestMethods(Invoker.java:1128)
	at org.testng.internal.TestMethodWorker.invokeTestMethods(TestMethodWorker.java:129)
	at org.testng.internal.TestMethodWorker.run(TestMethodWorker.java:112)
	at org.testng.TestRunner.privateRun(TestRunner.java:782)
	at org.testng.TestRunner.run(TestRunner.java:632)
	at org.testng.SuiteRunner.runTest(SuiteRunner.java:366)
	at org.testng.SuiteRunner.access$000(SuiteRunner.java:39)
	at org.testng.SuiteRunner$SuiteWorker.run(SuiteRunner.java:400)
	at org.testng.internal.thread.ThreadUtil$2.call(ThreadUtil.java:64)
	at java.util.concurrent.FutureTask.run(Unknown Source)
	at java.util.concurrent.ThreadPoolExecutor.runWorker(Unknown Source)
	at java.util.concurrent.ThreadPoolExecutor$Worker.run(Unknown Source)
	at java.lang.Thread.run(Unknown Source)
]]>
            </full-stacktrace>
          </exception> <!-- java.lang.NullPointerException -->
          <reporter-output>
          </reporter-output>
        </test-method> <!-- Setup -->
        <test-method status="SKIP" signature="checkLogin()[pri:1, instance:MyTestCase.NewTest@4f7d0008]" name="checkLogin" duration-ms="3" started-at="2018-06-26T13:11:36Z" finished-at="2018-06-26T13:11:36Z">
          <reporter-output>
          </reporter-output>
        </test-method> <!-- checkLogin -->
        <test-method status="SKIP" signature="TestSucessfullReport(org.testng.ITestResult)[pri:0, instance:MyTestCase.NewTest@4f7d0008]" name="TestSucessfullReport" is-config="true" duration-ms="0" started-at="2018-06-26T13:11:36Z" finished-at="2018-06-26T13:11:36Z">
          <reporter-output>
          </reporter-output>
        </test-method> <!-- TestSucessfullReport -->
        <test-method status="SKIP" signature="Setup()[pri:0, instance:MyTestCase.NewTest@4f7d0008]" name="Setup" is-config="true" duration-ms="0" started-at="2018-06-26T13:11:36Z" finished-at="2018-06-26T13:11:36Z">
          <reporter-output>
          </reporter-output>
        </test-method> <!-- Setup -->
        <test-method status="SKIP" signature="CheckClaim()[pri:2, instance:MyTestCase.NewTest@4f7d0008]" name="CheckClaim" duration-ms="2" started-at="2018-06-26T13:11:36Z" finished-at="2018-06-26T13:11:36Z">
          <reporter-output>
          </reporter-output>
        </test-method> <!-- CheckClaim -->
        <test-method status="SKIP" signature="TestSucessfullReport(org.testng.ITestResult)[pri:0, instance:MyTestCase.NewTest@4f7d0008]" name="TestSucessfullReport" is-config="true" duration-ms="0" started-at="2018-06-26T13:11:36Z" finished-at="2018-06-26T13:11:36Z">
          <reporter-output>
          </reporter-output>
        </test-method> <!-- TestSucessfullReport -->
        <test-method status="SKIP" signature="Setup()[pri:0, instance:MyTestCase.NewTest@4f7d0008]" name="Setup" is-config="true" duration-ms="0" started-at="2018-06-26T13:11:36Z" finished-at="2018-06-26T13:11:36Z">
          <reporter-output>
          </reporter-output>
        </test-method> <!-- Setup -->
        <test-method status="SKIP" signature="CheckRating()[pri:3, instance:MyTestCase.NewTest@4f7d0008]" name="CheckRating" duration-ms="1" started-at="2018-06-26T13:11:36Z" finished-at="2018-06-26T13:11:36Z">
          <reporter-output>
          </reporter-output>
        </test-method> <!-- CheckRating -->
        <test-method status="SKIP" signature="TestSucessfullReport(org.testng.ITestResult)[pri:0, instance:MyTestCase.NewTest@4f7d0008]" name="TestSucessfullReport" is-config="true" duration-ms="0" started-at="2018-06-26T13:11:36Z" finished-at="2018-06-26T13:11:36Z">
          <reporter-output>
          </reporter-output>
        </test-method> <!-- TestSucessfullReport -->
        <test-method status="SKIP" signature="Setup()[pri:0, instance:MyTestCase.NewTest@4f7d0008]" name="Setup" is-config="true" duration-ms="0" started-at="2018-06-26T13:11:36Z" finished-at="2018-06-26T13:11:36Z">
          <reporter-output>
          </reporter-output>
        </test-method> <!-- Setup -->
        <test-method status="SKIP" signature="CheckFinancialSnapshot()[pri:4, instance:MyTestCase.NewTest@4f7d0008]" name="CheckFinancialSnapshot" duration-ms="1" started-at="2018-06-26T13:11:36Z" finished-at="2018-06-26T13:11:36Z">
          <reporter-output>
          </reporter-output>
        </test-method> <!-- CheckFinancialSnapshot -->
        <test-method status="SKIP" signature="TestSucessfullReport(org.testng.ITestResult)[pri:0, instance:MyTestCase.NewTest@4f7d0008]" name="TestSucessfullReport" is-config="true" duration-ms="0" started-at="2018-06-26T13:11:36Z" finished-at="2018-06-26T13:11:36Z">
          <reporter-output>
          </reporter-output>
        </test-method> <!-- TestSucessfullReport -->
        <test-method status="SKIP" signature="Setup()[pri:0, instance:MyTestCase.NewTest@4f7d0008]" name="Setup" is-config="true" duration-ms="0" started-at="2018-06-26T13:11:36Z" finished-at="2018-06-26T13:11:36Z">
          <reporter-output>
          </reporter-output>
        </test-method> <!-- Setup -->
        <test-method status="SKIP" signature="CheckAdvancedPopup()[pri:5, instance:MyTestCase.NewTest@4f7d0008]" name="CheckAdvancedPopup" duration-ms="1" started-at="2018-06-26T13:11:36Z" finished-at="2018-06-26T13:11:36Z">
          <reporter-output>
          </reporter-output>
        </test-method> <!-- CheckAdvancedPopup -->
        <test-method status="SKIP" signature="TestSucessfullReport(org.testng.ITestResult)[pri:0, instance:MyTestCase.NewTest@4f7d0008]" name="TestSucessfullReport" is-config="true" duration-ms="0" started-at="2018-06-26T13:11:36Z" finished-at="2018-06-26T13:11:36Z">
          <reporter-output>
          </reporter-output>
        </test-method> <!-- TestSucessfullReport -->
        <test-method status="SKIP" signature="Setup()[pri:0, instance:MyTestCase.NewTest@4f7d0008]" name="Setup" is-config="true" duration-ms="0" started-at="2018-06-26T13:11:36Z" finished-at="2018-06-26T13:11:36Z">
          <reporter-output>
          </reporter-output>
        </test-method> <!-- Setup -->
        <test-method status="SKIP" signature="CheckContact()[pri:6, instance:MyTestCase.NewTest@4f7d0008]" name="CheckContact" duration-ms="1" started-at="2018-06-26T13:11:36Z" finished-at="2018-06-26T13:11:36Z">
          <reporter-output>
          </reporter-output>
        </test-method> <!-- CheckContact -->
        <test-method status="SKIP" signature="TestSucessfullReport(org.testng.ITestResult)[pri:0, instance:MyTestCase.NewTest@4f7d0008]" name="TestSucessfullReport" is-config="true" duration-ms="0" started-at="2018-06-26T13:11:36Z" finished-at="2018-06-26T13:11:36Z">
          <reporter-output>
          </reporter-output>
        </test-method> <!-- TestSucessfullReport -->
        <test-method status="SKIP" signature="Setup()[pri:0, instance:MyTestCase.NewTest@4f7d0008]" name="Setup" is-config="true" duration-ms="0" started-at="2018-06-26T13:11:36Z" finished-at="2018-06-26T13:11:36Z">
          <reporter-output>
          </reporter-output>
        </test-method> <!-- Setup -->
        <test-method status="SKIP" signature="CheckSubmit()[pri:7, instance:MyTestCase.NewTest@4f7d0008]" name="CheckSubmit" duration-ms="1" started-at="2018-06-26T13:11:36Z" finished-at="2018-06-26T13:11:36Z">
          <reporter-output>
          </reporter-output>
        </test-method> <!-- CheckSubmit -->
        <test-method status="SKIP" signature="TestSucessfullReport(org.testng.ITestResult)[pri:0, instance:MyTestCase.NewTest@4f7d0008]" name="TestSucessfullReport" is-config="true" duration-ms="0" started-at="2018-06-26T13:11:36Z" finished-at="2018-06-26T13:11:36Z">
          <reporter-output>
          </reporter-output>
        </test-method> <!-- TestSucessfullReport -->
        <test-method status="SKIP" signature="Setup()[pri:0, instance:MyTestCase.NewTest@4f7d0008]" name="Setup" is-config="true" duration-ms="0" started-at="2018-06-26T13:11:36Z" finished-at="2018-06-26T13:11:36Z">
          <reporter-output>
          </reporter-output>
        </test-method> <!-- Setup -->
        <test-method status="SKIP" signature="CheckProduce()[pri:9, instance:MyTestCase.NewTest@4f7d0008]" name="CheckProduce" duration-ms="1" started-at="2018-06-26T13:11:36Z" finished-at="2018-06-26T13:11:36Z">
          <reporter-output>
          </reporter-output>
        </test-method> <!-- CheckProduce -->
        <test-method status="SKIP" signature="TestSucessfullReport(org.testng.ITestResult)[pri:0, instance:MyTestCase.NewTest@4f7d0008]" name="TestSucessfullReport" is-config="true" duration-ms="0" started-at="2018-06-26T13:11:36Z" finished-at="2018-06-26T13:11:36Z">
          <reporter-output>
          </reporter-output>
        </test-method> <!-- TestSucessfullReport -->
        <test-method status="SKIP" signature="tearDown()[pri:0, instance:MyTestCase.NewTest@4f7d0008]" name="tearDown" is-config="true" duration-ms="0" started-at="2018-06-26T13:11:36Z" finished-at="2018-06-26T13:11:36Z">
          <reporter-output>
          </reporter-output>
        </test-method> <!-- tearDown -->
      </class> <!-- MyTestCase.NewTest -->
    </test> <!-- IETest -->
    <test name="FirefoxTest" duration-ms="539" started-at="2018-06-26T07:41:36Z" finished-at="2018-06-26T07:41:36Z">
      <class name="MyTestCase.NewTest">
        <test-method status="PASS" signature="setUpClass()[pri:0, instance:MyTestCase.NewTest@4883b407]" name="setUpClass" is-config="true" duration-ms="257" started-at="2018-06-26T13:11:36Z" finished-at="2018-06-26T13:11:36Z">
          <reporter-output>
          </reporter-output>
        </test-method> <!-- setUpClass -->
        <test-method status="FAIL" signature="Setup()[pri:0, instance:MyTestCase.NewTest@4883b407]" name="Setup" is-config="true" duration-ms="0" started-at="2018-06-26T13:11:36Z" finished-at="2018-06-26T13:11:36Z">
          <exception class="java.lang.NullPointerException">
            <full-stacktrace>
              <![CDATA[java.lang.NullPointerException
	at BaseClass.Red_InvokeBrowser.openBrowser(Red_InvokeBrowser.java:19)
	at MyTestCase.NewTest.Setup(NewTest.java:92)
	at sun.reflect.NativeMethodAccessorImpl.invoke0(Native Method)
	at sun.reflect.NativeMethodAccessorImpl.invoke(Unknown Source)
	at sun.reflect.DelegatingMethodAccessorImpl.invoke(Unknown Source)
	at java.lang.reflect.Method.invoke(Unknown Source)
	at org.testng.internal.MethodInvocationHelper.invokeMethod(MethodInvocationHelper.java:86)
	at org.testng.internal.Invoker.invokeConfigurationMethod(Invoker.java:514)
	at org.testng.internal.Invoker.invokeConfigurations(Invoker.java:215)
	at org.testng.internal.Invoker.invokeMethod(Invoker.java:589)
	at org.testng.internal.Invoker.invokeTestMethod(Invoker.java:820)
	at org.testng.internal.Invoker.invokeTestMethods(Invoker.java:1128)
	at org.testng.internal.TestMethodWorker.invokeTestMethods(TestMethodWorker.java:129)
	at org.testng.internal.TestMethodWorker.run(TestMethodWorker.java:112)
	at org.testng.TestRunner.privateRun(TestRunner.java:782)
	at org.testng.TestRunner.run(TestRunner.java:632)
	at org.testng.SuiteRunner.runTest(SuiteRunner.java:366)
	at org.testng.SuiteRunner.access$000(SuiteRunner.java:39)
	at org.testng.SuiteRunner$SuiteWorker.run(SuiteRunner.java:400)
	at org.testng.internal.thread.ThreadUtil$2.call(ThreadUtil.java:64)
	at java.util.concurrent.FutureTask.run(Unknown Source)
	at java.util.concurrent.ThreadPoolExecutor.runWorker(Unknown Source)
	at java.util.concurrent.ThreadPoolExecutor$Worker.run(Unknown Source)
	at java.lang.Thread.run(Unknown Source)
]]>
            </full-stacktrace>
          </exception> <!-- java.lang.NullPointerException -->
          <reporter-output>
          </reporter-output>
        </test-method> <!-- Setup -->
        <test-method status="SKIP" signature="checkLogin()[pri:1, instance:MyTestCase.NewTest@4883b407]" name="checkLogin" duration-ms="3" started-at="2018-06-26T13:11:36Z" finished-at="2018-06-26T13:11:36Z">
          <reporter-output>
          </reporter-output>
        </test-method> <!-- checkLogin -->
        <test-method status="SKIP" signature="TestSucessfullReport(org.testng.ITestResult)[pri:0, instance:MyTestCase.NewTest@4883b407]" name="TestSucessfullReport" is-config="true" duration-ms="0" started-at="2018-06-26T13:11:36Z" finished-at="2018-06-26T13:11:36Z">
          <reporter-output>
          </reporter-output>
        </test-method> <!-- TestSucessfullReport -->
        <test-method status="SKIP" signature="Setup()[pri:0, instance:MyTestCase.NewTest@4883b407]" name="Setup" is-config="true" duration-ms="0" started-at="2018-06-26T13:11:36Z" finished-at="2018-06-26T13:11:36Z">
          <reporter-output>
          </reporter-output>
        </test-method> <!-- Setup -->
        <test-method status="SKIP" signature="CheckClaim()[pri:2, instance:MyTestCase.NewTest@4883b407]" name="CheckClaim" duration-ms="2" started-at="2018-06-26T13:11:36Z" finished-at="2018-06-26T13:11:36Z">
          <reporter-output>
          </reporter-output>
        </test-method> <!-- CheckClaim -->
        <test-method status="SKIP" signature="TestSucessfullReport(org.testng.ITestResult)[pri:0, instance:MyTestCase.NewTest@4883b407]" name="TestSucessfullReport" is-config="true" duration-ms="0" started-at="2018-06-26T13:11:36Z" finished-at="2018-06-26T13:11:36Z">
          <reporter-output>
          </reporter-output>
        </test-method> <!-- TestSucessfullReport -->
        <test-method status="SKIP" signature="Setup()[pri:0, instance:MyTestCase.NewTest@4883b407]" name="Setup" is-config="true" duration-ms="0" started-at="2018-06-26T13:11:36Z" finished-at="2018-06-26T13:11:36Z">
          <reporter-output>
          </reporter-output>
        </test-method> <!-- Setup -->
        <test-method status="SKIP" signature="CheckRating()[pri:3, instance:MyTestCase.NewTest@4883b407]" name="CheckRating" duration-ms="1" started-at="2018-06-26T13:11:36Z" finished-at="2018-06-26T13:11:36Z">
          <reporter-output>
          </reporter-output>
        </test-method> <!-- CheckRating -->
        <test-method status="SKIP" signature="TestSucessfullReport(org.testng.ITestResult)[pri:0, instance:MyTestCase.NewTest@4883b407]" name="TestSucessfullReport" is-config="true" duration-ms="0" started-at="2018-06-26T13:11:36Z" finished-at="2018-06-26T13:11:36Z">
          <reporter-output>
          </reporter-output>
        </test-method> <!-- TestSucessfullReport -->
        <test-method status="SKIP" signature="Setup()[pri:0, instance:MyTestCase.NewTest@4883b407]" name="Setup" is-config="true" duration-ms="0" started-at="2018-06-26T13:11:36Z" finished-at="2018-06-26T13:11:36Z">
          <reporter-output>
          </reporter-output>
        </test-method> <!-- Setup -->
        <test-method status="SKIP" signature="CheckFinancialSnapshot()[pri:4, instance:MyTestCase.NewTest@4883b407]" name="CheckFinancialSnapshot" duration-ms="1" started-at="2018-06-26T13:11:36Z" finished-at="2018-06-26T13:11:36Z">
          <reporter-output>
          </reporter-output>
        </test-method> <!-- CheckFinancialSnapshot -->
        <test-method status="SKIP" signature="TestSucessfullReport(org.testng.ITestResult)[pri:0, instance:MyTestCase.NewTest@4883b407]" name="TestSucessfullReport" is-config="true" duration-ms="0" started-at="2018-06-26T13:11:36Z" finished-at="2018-06-26T13:11:36Z">
          <reporter-output>
          </reporter-output>
        </test-method> <!-- TestSucessfullReport -->
        <test-method status="SKIP" signature="Setup()[pri:0, instance:MyTestCase.NewTest@4883b407]" name="Setup" is-config="true" duration-ms="0" started-at="2018-06-26T13:11:36Z" finished-at="2018-06-26T13:11:36Z">
          <reporter-output>
          </reporter-output>
        </test-method> <!-- Setup -->
        <test-method status="SKIP" signature="CheckAdvancedPopup()[pri:5, instance:MyTestCase.NewTest@4883b407]" name="CheckAdvancedPopup" duration-ms="1" started-at="2018-06-26T13:11:36Z" finished-at="2018-06-26T13:11:36Z">
          <reporter-output>
          </reporter-output>
        </test-method> <!-- CheckAdvancedPopup -->
        <test-method status="SKIP" signature="TestSucessfullReport(org.testng.ITestResult)[pri:0, instance:MyTestCase.NewTest@4883b407]" name="TestSucessfullReport" is-config="true" duration-ms="0" started-at="2018-06-26T13:11:36Z" finished-at="2018-06-26T13:11:36Z">
          <reporter-output>
          </reporter-output>
        </test-method> <!-- TestSucessfullReport -->
        <test-method status="SKIP" signature="Setup()[pri:0, instance:MyTestCase.NewTest@4883b407]" name="Setup" is-config="true" duration-ms="0" started-at="2018-06-26T13:11:36Z" finished-at="2018-06-26T13:11:36Z">
          <reporter-output>
          </reporter-output>
        </test-method> <!-- Setup -->
        <test-method status="SKIP" signature="CheckContact()[pri:6, instance:MyTestCase.NewTest@4883b407]" name="CheckContact" duration-ms="1" started-at="2018-06-26T13:11:36Z" finished-at="2018-06-26T13:11:36Z">
          <reporter-output>
          </reporter-output>
        </test-method> <!-- CheckContact -->
        <test-method status="SKIP" signature="TestSucessfullReport(org.testng.ITestResult)[pri:0, instance:MyTestCase.NewTest@4883b407]" name="TestSucessfullReport" is-config="true" duration-ms="0" started-at="2018-06-26T13:11:36Z" finished-at="2018-06-26T13:11:36Z">
          <reporter-output>
          </reporter-output>
        </test-method> <!-- TestSucessfullReport -->
        <test-method status="SKIP" signature="Setup()[pri:0, instance:MyTestCase.NewTest@4883b407]" name="Setup" is-config="true" duration-ms="0" started-at="2018-06-26T13:11:36Z" finished-at="2018-06-26T13:11:36Z">
          <reporter-output>
          </reporter-output>
        </test-method> <!-- Setup -->
        <test-method status="SKIP" signature="CheckSubmit()[pri:7, instance:MyTestCase.NewTest@4883b407]" name="CheckSubmit" duration-ms="1" started-at="2018-06-26T13:11:36Z" finished-at="2018-06-26T13:11:36Z">
          <reporter-output>
          </reporter-output>
        </test-method> <!-- CheckSubmit -->
        <test-method status="SKIP" signature="TestSucessfullReport(org.testng.ITestResult)[pri:0, instance:MyTestCase.NewTest@4883b407]" name="TestSucessfullReport" is-config="true" duration-ms="0" started-at="2018-06-26T13:11:36Z" finished-at="2018-06-26T13:11:36Z">
          <reporter-output>
          </reporter-output>
        </test-method> <!-- TestSucessfullReport -->
        <test-method status="SKIP" signature="Setup()[pri:0, instance:MyTestCase.NewTest@4883b407]" name="Setup" is-config="true" duration-ms="0" started-at="2018-06-26T13:11:36Z" finished-at="2018-06-26T13:11:36Z">
          <reporter-output>
          </reporter-output>
        </test-method> <!-- Setup -->
        <test-method status="SKIP" signature="CheckProduce()[pri:9, instance:MyTestCase.NewTest@4883b407]" name="CheckProduce" duration-ms="1" started-at="2018-06-26T13:11:36Z" finished-at="2018-06-26T13:11:36Z">
          <reporter-output>
          </reporter-output>
        </test-method> <!-- CheckProduce -->
        <test-method status="SKIP" signature="TestSucessfullReport(org.testng.ITestResult)[pri:0, instance:MyTestCase.NewTest@4883b407]" name="TestSucessfullReport" is-config="true" duration-ms="0" started-at="2018-06-26T13:11:36Z" finished-at="2018-06-26T13:11:36Z">
          <reporter-output>
          </reporter-output>
        </test-method> <!-- TestSucessfullReport -->
        <test-method status="SKIP" signature="tearDown()[pri:0, instance:MyTestCase.NewTest@4883b407]" name="tearDown" is-config="true" duration-ms="0" started-at="2018-06-26T13:11:36Z" finished-at="2018-06-26T13:11:36Z">
          <reporter-output>
          </reporter-output>
        </test-method> <!-- tearDown -->
      </class> <!-- MyTestCase.NewTest -->
    </test> <!-- FirefoxTest -->
  </suite> <!-- Suite -->
</testng-results>
